[0.264s] DEBUG:colcon:Command line arguments: ['/usr/bin/colcon', 'build']
[0.265s] DEBUG:colcon:Parsed command line arguments: Namespace(log_base=None, log_level=None, verb_name='build', build_base='build', install_base='install', merge_install=False, symlink_install=False, test_result_base=None, continue_on_error=False, executor='parallel', parallel_workers=8, event_handlers=None, ignore_user_meta=False, metas=['./colcon.meta'], base_paths=['.'], packages_ignore=None, packages_ignore_regex=None, paths=None, packages_up_to=None, packages_up_to_regex=None, packages_above=None, packages_above_and_dependencies=None, packages_above_depth=None, packages_select_by_dep=None, packages_skip_by_dep=None, packages_skip_up_to=None, packages_select_build_failed=False, packages_skip_build_finished=False, packages_select_test_failures=False, packages_skip_test_passed=False, packages_select=None, packages_skip=None, packages_select_regex=None, packages_skip_regex=None, packages_start=None, packages_end=None, cmake_args=None, cmake_target=None, cmake_target_skip_unavailable=False, cmake_clean_cache=False, cmake_clean_first=False, cmake_force_configure=False, ament_cmake_args=None, catkin_cmake_args=None, catkin_skip_building_tests=False, mixin_files=None, mixin=None, verb_parser=<colcon_mixin.mixin.mixin_argument.MixinArgumentDecorator object at 0x7f9d2fe9b0>, verb_extension=<colcon_core.verb.build.BuildVerb object at 0x7f9d4bbeb0>, main=<bound method BuildVerb.main of <colcon_core.verb.build.BuildVerb object at 0x7f9d4bbeb0>>, mixin_verb=('build',))
[0.774s] Level 1:colcon.colcon_core.package_discovery:discover_packages(colcon_meta) check parameters
[0.775s] Level 1:colcon.colcon_core.package_discovery:discover_packages(recursive) check parameters
[0.775s] Level 1:colcon.colcon_core.package_discovery:discover_packages(ignore) check parameters
[0.775s] Level 1:colcon.colcon_core.package_discovery:discover_packages(path) check parameters
[0.775s] Level 1:colcon.colcon_core.package_discovery:discover_packages(colcon_meta) discover
[0.775s] Level 1:colcon.colcon_core.package_discovery:discover_packages(recursive) discover
[0.775s] INFO:colcon.colcon_core.package_discovery:Crawling recursively for packages in '/home/orangepi/ros2_ws'
[0.776s] Level 1:colcon.colcon_core.package_identification:_identify(.) by extensions ['ignore', 'ignore_ament_install']
[0.776s] Level 1:colcon.colcon_core.package_identification:_identify(.) by extension 'ignore'
[0.776s] Level 1:colcon.colcon_core.package_identification:_identify(.) by extension 'ignore_ament_install'
[0.776s] Level 1:colcon.colcon_core.package_identification:_identify(.) by extensions ['colcon_pkg']
[0.776s] Level 1:colcon.colcon_core.package_identification:_identify(.) by extension 'colcon_pkg'
[0.776s] Level 1:colcon.colcon_core.package_identification:_identify(.) by extensions ['colcon_meta']
[0.776s] Level 1:colcon.colcon_core.package_identification:_identify(.) by extension 'colcon_meta'
[0.776s] Level 1:colcon.colcon_core.package_identification:_identify(.) by extensions ['ros']
[0.776s] Level 1:colcon.colcon_core.package_identification:_identify(.) by extension 'ros'
[0.812s] Level 1:colcon.colcon_core.package_identification:_identify(.) by extensions ['cmake', 'python']
[0.812s] Level 1:colcon.colcon_core.package_identification:_identify(.) by extension 'cmake'
[0.812s] Level 1:colcon.colcon_core.package_identification:_identify(.) by extension 'python'
[0.812s] Level 1:colcon.colcon_core.package_identification:_identify(.) by extensions ['python_setup_py']
[0.812s] Level 1:colcon.colcon_core.package_identification:_identify(.) by extension 'python_setup_py'
[0.812s] Level 1:colcon.colcon_core.package_identification:_identify(build) by extensions ['ignore', 'ignore_ament_install']
[0.813s] Level 1:colcon.colcon_core.package_identification:_identify(build) by extension 'ignore'
[0.813s] Level 1:colcon.colcon_core.package_identification:_identify(build) ignored
[0.813s] Level 1:colcon.colcon_core.package_identification:_identify(install) by extensions ['ignore', 'ignore_ament_install']
[0.813s] Level 1:colcon.colcon_core.package_identification:_identify(install) by extension 'ignore'
[0.813s] Level 1:colcon.colcon_core.package_identification:_identify(install) ignored
[0.813s] Level 1:colcon.colcon_core.package_identification:_identify(log) by extensions ['ignore', 'ignore_ament_install']
[0.814s] Level 1:colcon.colcon_core.package_identification:_identify(log) by extension 'ignore'
[0.814s] Level 1:colcon.colcon_core.package_identification:_identify(log) ignored
[0.814s] Level 1:colcon.colcon_core.package_identification:_identify(src) by extensions ['ignore', 'ignore_ament_install']
[0.814s] Level 1:colcon.colcon_core.package_identification:_identify(src) by extension 'ignore'
[0.814s] Level 1:colcon.colcon_core.package_identification:_identify(src) by extension 'ignore_ament_install'
[0.814s] Level 1:colcon.colcon_core.package_identification:_identify(src) by extensions ['colcon_pkg']
[0.814s] Level 1:colcon.colcon_core.package_identification:_identify(src) by extension 'colcon_pkg'
[0.814s] Level 1:colcon.colcon_core.package_identification:_identify(src) by extensions ['colcon_meta']
[0.814s] Level 1:colcon.colcon_core.package_identification:_identify(src) by extension 'colcon_meta'
[0.814s] Level 1:colcon.colcon_core.package_identification:_identify(src) by extensions ['ros']
[0.814s] Level 1:colcon.colcon_core.package_identification:_identify(src) by extension 'ros'
[0.814s] Level 1:colcon.colcon_core.package_identification:_identify(src) by extensions ['cmake', 'python']
[0.814s] Level 1:colcon.colcon_core.package_identification:_identify(src) by extension 'cmake'
[0.815s] Level 1:colcon.colcon_core.package_identification:_identify(src) by extension 'python'
[0.815s] Level 1:colcon.colcon_core.package_identification:_identify(src) by extensions ['python_setup_py']
[0.815s] Level 1:colcon.colcon_core.package_identification:_identify(src) by extension 'python_setup_py'
[0.815s] Level 1:colcon.colcon_core.package_identification:_identify(src/my_robot_slam) by extensions ['ignore', 'ignore_ament_install']
[0.815s] Level 1:colcon.colcon_core.package_identification:_identify(src/my_robot_slam) by extension 'ignore'
[0.815s] Level 1:colcon.colcon_core.package_identification:_identify(src/my_robot_slam) by extension 'ignore_ament_install'
[0.815s] Level 1:colcon.colcon_core.package_identification:_identify(src/my_robot_slam) by extensions ['colcon_pkg']
[0.815s] Level 1:colcon.colcon_core.package_identification:_identify(src/my_robot_slam) by extension 'colcon_pkg'
[0.815s] Level 1:colcon.colcon_core.package_identification:_identify(src/my_robot_slam) by extensions ['colcon_meta']
[0.815s] Level 1:colcon.colcon_core.package_identification:_identify(src/my_robot_slam) by extension 'colcon_meta'
[0.815s] Level 1:colcon.colcon_core.package_identification:_identify(src/my_robot_slam) by extensions ['ros']
[0.815s] Level 1:colcon.colcon_core.package_identification:_identify(src/my_robot_slam) by extension 'ros'
[0.824s] DEBUG:colcon.colcon_core.package_identification:Package 'src/my_robot_slam' with type 'ros.ament_python' and name 'my_robot_slam'
[0.824s] Level 1:colcon.colcon_core.package_identification:_identify(src/robot_controller) by extensions ['ignore', 'ignore_ament_install']
[0.824s] Level 1:colcon.colcon_core.package_identification:_identify(src/robot_controller) by extension 'ignore'
[0.824s] Level 1:colcon.colcon_core.package_identification:_identify(src/robot_controller) by extension 'ignore_ament_install'
[0.825s] Level 1:colcon.colcon_core.package_identification:_identify(src/robot_controller) by extensions ['colcon_pkg']
[0.825s] Level 1:colcon.colcon_core.package_identification:_identify(src/robot_controller) by extension 'colcon_pkg'
[0.825s] Level 1:colcon.colcon_core.package_identification:_identify(src/robot_controller) by extensions ['colcon_meta']
[0.825s] Level 1:colcon.colcon_core.package_identification:_identify(src/robot_controller) by extension 'colcon_meta'
[0.825s] Level 1:colcon.colcon_core.package_identification:_identify(src/robot_controller) by extensions ['ros']
[0.825s] Level 1:colcon.colcon_core.package_identification:_identify(src/robot_controller) by extension 'ros'
[0.827s] DEBUG:colcon.colcon_core.package_identification:Package 'src/robot_controller' with type 'ros.ament_python' and name 'robot_controller'
[0.827s] Level 1:colcon.colcon_core.package_identification:_identify(src/rplidar_ros-ros2) by extensions ['ignore', 'ignore_ament_install']
[0.827s] Level 1:colcon.colcon_core.package_identification:_identify(src/rplidar_ros-ros2) by extension 'ignore'
[0.827s] Level 1:colcon.colcon_core.package_identification:_identify(src/rplidar_ros-ros2) by extension 'ignore_ament_install'
[0.827s] Level 1:colcon.colcon_core.package_identification:_identify(src/rplidar_ros-ros2) by extensions ['colcon_pkg']
[0.827s] Level 1:colcon.colcon_core.package_identification:_identify(src/rplidar_ros-ros2) by extension 'colcon_pkg'
[0.827s] Level 1:colcon.colcon_core.package_identification:_identify(src/rplidar_ros-ros2) by extensions ['colcon_meta']
[0.828s] Level 1:colcon.colcon_core.package_identification:_identify(src/rplidar_ros-ros2) by extension 'colcon_meta'
[0.828s] Level 1:colcon.colcon_core.package_identification:_identify(src/rplidar_ros-ros2) by extensions ['ros']
[0.828s] Level 1:colcon.colcon_core.package_identification:_identify(src/rplidar_ros-ros2) by extension 'ros'
[0.829s] DEBUG:colcon.colcon_core.package_identification:Package 'src/rplidar_ros-ros2' with type 'ros.ament_cmake' and name 'rplidar_ros'
[0.829s] Level 1:colcon.colcon_core.package_identification:_identify(src/stm32_keyboard_control) by extensions ['ignore', 'ignore_ament_install']
[0.830s] Level 1:colcon.colcon_core.package_identification:_identify(src/stm32_keyboard_control) by extension 'ignore'
[0.830s] Level 1:colcon.colcon_core.package_identification:_identify(src/stm32_keyboard_control) by extension 'ignore_ament_install'
[0.830s] Level 1:colcon.colcon_core.package_identification:_identify(src/stm32_keyboard_control) by extensions ['colcon_pkg']
[0.830s] Level 1:colcon.colcon_core.package_identification:_identify(src/stm32_keyboard_control) by extension 'colcon_pkg'
[0.830s] Level 1:colcon.colcon_core.package_identification:_identify(src/stm32_keyboard_control) by extensions ['colcon_meta']
[0.830s] Level 1:colcon.colcon_core.package_identification:_identify(src/stm32_keyboard_control) by extension 'colcon_meta'
[0.830s] Level 1:colcon.colcon_core.package_identification:_identify(src/stm32_keyboard_control) by extensions ['ros']
[0.830s] Level 1:colcon.colcon_core.package_identification:_identify(src/stm32_keyboard_control) by extension 'ros'
[0.832s] DEBUG:colcon.colcon_core.package_identification:Package 'src/stm32_keyboard_control' with type 'ros.ament_python' and name 'stm32_keyboard_control'
[0.832s] Level 1:colcon.colcon_core.package_discovery:discover_packages(recursive) using defaults
[0.832s] Level 1:colcon.colcon_core.package_discovery:discover_packages(ignore) discover
[0.832s] Level 1:colcon.colcon_core.package_discovery:discover_packages(ignore) using defaults
[0.832s] Level 1:colcon.colcon_core.package_discovery:discover_packages(path) discover
[0.832s] Level 1:colcon.colcon_core.package_discovery:discover_packages(path) using defaults
[0.901s] Level 5:colcon.colcon_core.verb:set package 'robot_controller' build argument 'cmake_args' from command line to 'None'
[0.901s] Level 5:colcon.colcon_core.verb:set package 'robot_controller' build argument 'cmake_target' from command line to 'None'
[0.901s] Level 5:colcon.colcon_core.verb:set package 'robot_controller' build argument 'cmake_target_skip_unavailable' from command line to 'False'
[0.901s] Level 5:colcon.colcon_core.verb:set package 'robot_controller' build argument 'cmake_clean_cache' from command line to 'False'
[0.901s] Level 5:colcon.colcon_core.verb:set package 'robot_controller' build argument 'cmake_clean_first' from command line to 'False'
[0.901s] Level 5:colcon.colcon_core.verb:set package 'robot_controller' build argument 'cmake_force_configure' from command line to 'False'
[0.901s] Level 5:colcon.colcon_core.verb:set package 'robot_controller' build argument 'ament_cmake_args' from command line to 'None'
[0.901s] Level 5:colcon.colcon_core.verb:set package 'robot_controller' build argument 'catkin_cmake_args' from command line to 'None'
[0.901s] Level 5:colcon.colcon_core.verb:set package 'robot_controller' build argument 'catkin_skip_building_tests' from command line to 'False'
[0.901s] DEBUG:colcon.colcon_core.verb:Building package 'robot_controller' with the following arguments: {'ament_cmake_args': None, 'build_base': '/home/orangepi/ros2_ws/build/robot_controller', 'catkin_cmake_args': None, 'catkin_skip_building_tests': False, 'cmake_args': None, 'cmake_clean_cache': False, 'cmake_clean_first': False, 'cmake_force_configure': False, 'cmake_target': None, 'cmake_target_skip_unavailable': False, 'install_base': '/home/orangepi/ros2_ws/install/robot_controller', 'merge_install': False, 'path': '/home/orangepi/ros2_ws/src/robot_controller', 'symlink_install': False, 'test_result_base': None}
[0.902s] Level 5:colcon.colcon_core.verb:set package 'rplidar_ros' build argument 'cmake_args' from command line to 'None'
[0.902s] Level 5:colcon.colcon_core.verb:set package 'rplidar_ros' build argument 'cmake_target' from command line to 'None'
[0.902s] Level 5:colcon.colcon_core.verb:set package 'rplidar_ros' build argument 'cmake_target_skip_unavailable' from command line to 'False'
[0.902s] Level 5:colcon.colcon_core.verb:set package 'rplidar_ros' build argument 'cmake_clean_cache' from command line to 'False'
[0.902s] Level 5:colcon.colcon_core.verb:set package 'rplidar_ros' build argument 'cmake_clean_first' from command line to 'False'
[0.902s] Level 5:colcon.colcon_core.verb:set package 'rplidar_ros' build argument 'cmake_force_configure' from command line to 'False'
[0.902s] Level 5:colcon.colcon_core.verb:set package 'rplidar_ros' build argument 'ament_cmake_args' from command line to 'None'
[0.902s] Level 5:colcon.colcon_core.verb:set package 'rplidar_ros' build argument 'catkin_cmake_args' from command line to 'None'
[0.902s] Level 5:colcon.colcon_core.verb:set package 'rplidar_ros' build argument 'catkin_skip_building_tests' from command line to 'False'
[0.902s] DEBUG:colcon.colcon_core.verb:Building package 'rplidar_ros' with the following arguments: {'ament_cmake_args': None, 'build_base': '/home/orangepi/ros2_ws/build/rplidar_ros', 'catkin_cmake_args': None, 'catkin_skip_building_tests': False, 'cmake_args': None, 'cmake_clean_cache': False, 'cmake_clean_first': False, 'cmake_force_configure': False, 'cmake_target': None, 'cmake_target_skip_unavailable': False, 'install_base': '/home/orangepi/ros2_ws/install/rplidar_ros', 'merge_install': False, 'path': '/home/orangepi/ros2_ws/src/rplidar_ros-ros2', 'symlink_install': False, 'test_result_base': None}
[0.903s] Level 5:colcon.colcon_core.verb:set package 'stm32_keyboard_control' build argument 'cmake_args' from command line to 'None'
[0.903s] Level 5:colcon.colcon_core.verb:set package 'stm32_keyboard_control' build argument 'cmake_target' from command line to 'None'
[0.903s] Level 5:colcon.colcon_core.verb:set package 'stm32_keyboard_control' build argument 'cmake_target_skip_unavailable' from command line to 'False'
[0.903s] Level 5:colcon.colcon_core.verb:set package 'stm32_keyboard_control' build argument 'cmake_clean_cache' from command line to 'False'
[0.903s] Level 5:colcon.colcon_core.verb:set package 'stm32_keyboard_control' build argument 'cmake_clean_first' from command line to 'False'
[0.903s] Level 5:colcon.colcon_core.verb:set package 'stm32_keyboard_control' build argument 'cmake_force_configure' from command line to 'False'
[0.903s] Level 5:colcon.colcon_core.verb:set package 'stm32_keyboard_control' build argument 'ament_cmake_args' from command line to 'None'
[0.903s] Level 5:colcon.colcon_core.verb:set package 'stm32_keyboard_control' build argument 'catkin_cmake_args' from command line to 'None'
[0.903s] Level 5:colcon.colcon_core.verb:set package 'stm32_keyboard_control' build argument 'catkin_skip_building_tests' from command line to 'False'
[0.903s] DEBUG:colcon.colcon_core.verb:Building package 'stm32_keyboard_control' with the following arguments: {'ament_cmake_args': None, 'build_base': '/home/orangepi/ros2_ws/build/stm32_keyboard_control', 'catkin_cmake_args': None, 'catkin_skip_building_tests': False, 'cmake_args': None, 'cmake_clean_cache': False, 'cmake_clean_first': False, 'cmake_force_configure': False, 'cmake_target': None, 'cmake_target_skip_unavailable': False, 'install_base': '/home/orangepi/ros2_ws/install/stm32_keyboard_control', 'merge_install': False, 'path': '/home/orangepi/ros2_ws/src/stm32_keyboard_control', 'symlink_install': False, 'test_result_base': None}
[0.904s] Level 5:colcon.colcon_core.verb:set package 'my_robot_slam' build argument 'cmake_args' from command line to 'None'
[0.904s] Level 5:colcon.colcon_core.verb:set package 'my_robot_slam' build argument 'cmake_target' from command line to 'None'
[0.904s] Level 5:colcon.colcon_core.verb:set package 'my_robot_slam' build argument 'cmake_target_skip_unavailable' from command line to 'False'
[0.904s] Level 5:colcon.colcon_core.verb:set package 'my_robot_slam' build argument 'cmake_clean_cache' from command line to 'False'
[0.904s] Level 5:colcon.colcon_core.verb:set package 'my_robot_slam' build argument 'cmake_clean_first' from command line to 'False'
[0.904s] Level 5:colcon.colcon_core.verb:set package 'my_robot_slam' build argument 'cmake_force_configure' from command line to 'False'
[0.904s] Level 5:colcon.colcon_core.verb:set package 'my_robot_slam' build argument 'ament_cmake_args' from command line to 'None'
[0.904s] Level 5:colcon.colcon_core.verb:set package 'my_robot_slam' build argument 'catkin_cmake_args' from command line to 'None'
[0.904s] Level 5:colcon.colcon_core.verb:set package 'my_robot_slam' build argument 'catkin_skip_building_tests' from command line to 'False'
[0.904s] DEBUG:colcon.colcon_core.verb:Building package 'my_robot_slam' with the following arguments: {'ament_cmake_args': None, 'build_base': '/home/orangepi/ros2_ws/build/my_robot_slam', 'catkin_cmake_args': None, 'catkin_skip_building_tests': False, 'cmake_args': None, 'cmake_clean_cache': False, 'cmake_clean_first': False, 'cmake_force_configure': False, 'cmake_target': None, 'cmake_target_skip_unavailable': False, 'install_base': '/home/orangepi/ros2_ws/install/my_robot_slam', 'merge_install': False, 'path': '/home/orangepi/ros2_ws/src/my_robot_slam', 'symlink_install': False, 'test_result_base': None}
[0.905s] INFO:colcon.colcon_core.executor:Executing jobs using 'parallel' executor
[0.907s] DEBUG:colcon.colcon_parallel_executor.executor.parallel:run_until_complete
[0.907s] INFO:colcon.colcon_ros.task.ament_cmake.build:Building ROS package in '/home/orangepi/ros2_ws/src/rplidar_ros-ros2' with build type 'ament_cmake'
[0.955s] INFO:colcon.colcon_cmake.task.cmake.build:Building CMake package in '/home/orangepi/ros2_ws/src/rplidar_ros-ros2'
[0.964s] INFO:colcon.colcon_core.plugin_system:Skipping extension 'colcon_core.shell.bat': Not used on non-Windows systems
[0.964s] INFO:colcon.colcon_core.shell:Skip shell extension 'powershell' for command environment: Not usable outside of PowerShell
[0.965s] DEBUG:colcon.colcon_core.shell:Skip shell extension 'dsv' for command environment
[0.976s] INFO:colcon.colcon_ros.task.ament_python.build:Building ROS package in '/home/orangepi/ros2_ws/src/stm32_keyboard_control' with build type 'ament_python'
[0.977s] Level 1:colcon.colcon_core.shell:create_environment_hook('stm32_keyboard_control', 'ament_prefix_path')
[0.977s] INFO:colcon.colcon_core.shell:Creating environment hook '/home/orangepi/ros2_ws/install/stm32_keyboard_control/share/stm32_keyboard_control/hook/ament_prefix_path.ps1'
[0.980s] INFO:colcon.colcon_core.shell:Creating environment descriptor '/home/orangepi/ros2_ws/install/stm32_keyboard_control/share/stm32_keyboard_control/hook/ament_prefix_path.dsv'
[0.982s] INFO:colcon.colcon_core.shell:Creating environment hook '/home/orangepi/ros2_ws/install/stm32_keyboard_control/share/stm32_keyboard_control/hook/ament_prefix_path.sh'
[0.984s] INFO:colcon.colcon_core.shell:Skip shell extension 'powershell' for command environment: Not usable outside of PowerShell
[0.984s] DEBUG:colcon.colcon_core.shell:Skip shell extension 'dsv' for command environment
[0.990s] INFO:colcon.colcon_ros.task.ament_python.build:Building ROS package in '/home/orangepi/ros2_ws/src/robot_controller' with build type 'ament_python'
[0.990s] Level 1:colcon.colcon_core.shell:create_environment_hook('robot_controller', 'ament_prefix_path')
[0.991s] INFO:colcon.colcon_core.shell:Creating environment hook '/home/orangepi/ros2_ws/install/robot_controller/share/robot_controller/hook/ament_prefix_path.ps1'
[0.992s] INFO:colcon.colcon_core.shell:Creating environment descriptor '/home/orangepi/ros2_ws/install/robot_controller/share/robot_controller/hook/ament_prefix_path.dsv'
[0.992s] INFO:colcon.colcon_core.shell:Creating environment hook '/home/orangepi/ros2_ws/install/robot_controller/share/robot_controller/hook/ament_prefix_path.sh'
[0.994s] INFO:colcon.colcon_core.shell:Skip shell extension 'powershell' for command environment: Not usable outside of PowerShell
[0.994s] DEBUG:colcon.colcon_core.shell:Skip shell extension 'dsv' for command environment
[1.012s] DEBUG:colcon.colcon_core.event_handler.log_command:Invoking command in '/home/orangepi/ros2_ws/build/rplidar_ros': CMAKE_PREFIX_PATH=${CMAKE_PREFIX_PATH}:/home/orangepi/ros2_ws/install/my_robot_slam:/home/orangepi/ros2_ws/install/stm32_keyboard_control:/home/orangepi/ros2_ws/install/robot_controller:/home/orangepi/ros2_ws/install/my_robot_bringup:/opt/ros/humble /usr/bin/cmake --build /home/orangepi/ros2_ws/build/rplidar_ros -- -j8 -l8
[1.453s] WARNING:colcon.colcon_ros.task.ament_python.build:Package 'stm32_keyboard_control' doesn't explicitly install a marker in the package index (colcon-ros currently does it implicitly but that fallback will be removed in the future)
[1.454s] INFO:colcon.colcon_core.task.python.build:Building Python package in '/home/orangepi/ros2_ws/src/stm32_keyboard_control'
[1.455s] INFO:colcon.colcon_core.shell:Skip shell extension 'powershell' for command environment: Not usable outside of PowerShell
[1.455s] DEBUG:colcon.colcon_core.shell:Skip shell extension 'dsv' for command environment
[1.860s] INFO:colcon.colcon_core.task.python.build:Building Python package in '/home/orangepi/ros2_ws/src/robot_controller'
[1.862s] INFO:colcon.colcon_core.shell:Skip shell extension 'powershell' for command environment: Not usable outside of PowerShell
[1.863s] DEBUG:colcon.colcon_core.shell:Skip shell extension 'dsv' for command environment
[1.899s] DEBUG:colcon.colcon_core.event_handler.log_command:Invoked command in '/home/orangepi/ros2_ws/build/rplidar_ros' returned '0': CMAKE_PREFIX_PATH=${CMAKE_PREFIX_PATH}:/home/orangepi/ros2_ws/install/my_robot_slam:/home/orangepi/ros2_ws/install/stm32_keyboard_control:/home/orangepi/ros2_ws/install/robot_controller:/home/orangepi/ros2_ws/install/my_robot_bringup:/opt/ros/humble /usr/bin/cmake --build /home/orangepi/ros2_ws/build/rplidar_ros -- -j8 -l8
[1.940s] DEBUG:colcon.colcon_core.event_handler.log_command:Invoking command in '/home/orangepi/ros2_ws/build/rplidar_ros': CMAKE_PREFIX_PATH=${CMAKE_PREFIX_PATH}:/home/orangepi/ros2_ws/install/my_robot_slam:/home/orangepi/ros2_ws/install/stm32_keyboard_control:/home/orangepi/ros2_ws/install/robot_controller:/home/orangepi/ros2_ws/install/my_robot_bringup:/opt/ros/humble /usr/bin/cmake --install /home/orangepi/ros2_ws/build/rplidar_ros
[1.985s] Level 1:colcon.colcon_core.environment:create_environment_scripts_only(rplidar_ros)
[1.987s] DEBUG:colcon.colcon_core.event_handler.log_command:Invoked command in '/home/orangepi/ros2_ws/build/rplidar_ros' returned '0': CMAKE_PREFIX_PATH=${CMAKE_PREFIX_PATH}:/home/orangepi/ros2_ws/install/my_robot_slam:/home/orangepi/ros2_ws/install/stm32_keyboard_control:/home/orangepi/ros2_ws/install/robot_controller:/home/orangepi/ros2_ws/install/my_robot_bringup:/opt/ros/humble /usr/bin/cmake --install /home/orangepi/ros2_ws/build/rplidar_ros
[2.004s] Level 1:colcon.colcon_core.environment:checking '/home/orangepi/ros2_ws/install/rplidar_ros' for CMake module files
[2.007s] Level 1:colcon.colcon_core.environment:checking '/home/orangepi/ros2_ws/install/rplidar_ros' for CMake config files
[2.009s] Level 1:colcon.colcon_core.shell:create_environment_hook('rplidar_ros', 'cmake_prefix_path')
[2.010s] INFO:colcon.colcon_core.shell:Creating environment hook '/home/orangepi/ros2_ws/install/rplidar_ros/share/rplidar_ros/hook/cmake_prefix_path.ps1'
[2.013s] INFO:colcon.colcon_core.shell:Creating environment descriptor '/home/orangepi/ros2_ws/install/rplidar_ros/share/rplidar_ros/hook/cmake_prefix_path.dsv'
[2.015s] INFO:colcon.colcon_core.shell:Creating environment hook '/home/orangepi/ros2_ws/install/rplidar_ros/share/rplidar_ros/hook/cmake_prefix_path.sh'
[2.019s] Level 1:colcon.colcon_core.environment:checking '/home/orangepi/ros2_ws/install/rplidar_ros/lib'
[2.021s] Level 1:colcon.colcon_core.environment:checking '/home/orangepi/ros2_ws/install/rplidar_ros/bin'
[2.022s] Level 1:colcon.colcon_core.environment:checking '/home/orangepi/ros2_ws/install/rplidar_ros/lib/pkgconfig/rplidar_ros.pc'
[2.023s] Level 1:colcon.colcon_core.environment:checking '/home/orangepi/ros2_ws/install/rplidar_ros/lib/python3.10/site-packages'
[2.026s] Level 1:colcon.colcon_core.environment:checking '/home/orangepi/ros2_ws/install/rplidar_ros/bin'
[2.028s] INFO:colcon.colcon_core.shell:Creating package script '/home/orangepi/ros2_ws/install/rplidar_ros/share/rplidar_ros/package.ps1'
[2.035s] INFO:colcon.colcon_core.shell:Creating package descriptor '/home/orangepi/ros2_ws/install/rplidar_ros/share/rplidar_ros/package.dsv'
[2.040s] INFO:colcon.colcon_core.shell:Creating package script '/home/orangepi/ros2_ws/install/rplidar_ros/share/rplidar_ros/package.sh'
[2.046s] INFO:colcon.colcon_core.shell:Creating package script '/home/orangepi/ros2_ws/install/rplidar_ros/share/rplidar_ros/package.bash'
[2.053s] INFO:colcon.colcon_core.shell:Creating package script '/home/orangepi/ros2_ws/install/rplidar_ros/share/rplidar_ros/package.zsh'
[2.058s] Level 1:colcon.colcon_core.environment:create_file_with_runtime_dependencies(/home/orangepi/ros2_ws/install/rplidar_ros/share/colcon-core/packages/rplidar_ros)
[2.062s] Level 1:colcon.colcon_core.environment:create_environment_scripts_only(rplidar_ros)
[2.063s] Level 1:colcon.colcon_core.environment:checking '/home/orangepi/ros2_ws/install/rplidar_ros' for CMake module files
[2.064s] Level 1:colcon.colcon_core.environment:checking '/home/orangepi/ros2_ws/install/rplidar_ros' for CMake config files
[2.064s] Level 1:colcon.colcon_core.shell:create_environment_hook('rplidar_ros', 'cmake_prefix_path')
[2.065s] INFO:colcon.colcon_core.shell:Creating environment hook '/home/orangepi/ros2_ws/install/rplidar_ros/share/rplidar_ros/hook/cmake_prefix_path.ps1'
[2.066s] INFO:colcon.colcon_core.shell:Creating environment descriptor '/home/orangepi/ros2_ws/install/rplidar_ros/share/rplidar_ros/hook/cmake_prefix_path.dsv'
[2.067s] INFO:colcon.colcon_core.shell:Creating environment hook '/home/orangepi/ros2_ws/install/rplidar_ros/share/rplidar_ros/hook/cmake_prefix_path.sh'
[2.068s] Level 1:colcon.colcon_core.environment:checking '/home/orangepi/ros2_ws/install/rplidar_ros/lib'
[2.068s] Level 1:colcon.colcon_core.environment:checking '/home/orangepi/ros2_ws/install/rplidar_ros/bin'
[2.068s] Level 1:colcon.colcon_core.environment:checking '/home/orangepi/ros2_ws/install/rplidar_ros/lib/pkgconfig/rplidar_ros.pc'
[2.069s] Level 1:colcon.colcon_core.environment:checking '/home/orangepi/ros2_ws/install/rplidar_ros/lib/python3.10/site-packages'
[2.069s] Level 1:colcon.colcon_core.environment:checking '/home/orangepi/ros2_ws/install/rplidar_ros/bin'
[2.070s] INFO:colcon.colcon_core.shell:Creating package script '/home/orangepi/ros2_ws/install/rplidar_ros/share/rplidar_ros/package.ps1'
[2.071s] INFO:colcon.colcon_core.shell:Creating package descriptor '/home/orangepi/ros2_ws/install/rplidar_ros/share/rplidar_ros/package.dsv'
[2.072s] INFO:colcon.colcon_core.shell:Creating package script '/home/orangepi/ros2_ws/install/rplidar_ros/share/rplidar_ros/package.sh'
[2.074s] INFO:colcon.colcon_core.shell:Creating package script '/home/orangepi/ros2_ws/install/rplidar_ros/share/rplidar_ros/package.bash'
[2.075s] INFO:colcon.colcon_core.shell:Creating package script '/home/orangepi/ros2_ws/install/rplidar_ros/share/rplidar_ros/package.zsh'
[2.076s] Level 1:colcon.colcon_core.environment:create_file_with_runtime_dependencies(/home/orangepi/ros2_ws/install/rplidar_ros/share/colcon-core/packages/rplidar_ros)
[2.553s] DEBUG:colcon.colcon_core.event_handler.log_command:Invoking command in '/home/orangepi/ros2_ws/src/stm32_keyboard_control': PYTHONPATH=/home/orangepi/ros2_ws/build/stm32_keyboard_control/prefix_override:/usr/lib/python3/dist-packages/colcon_core/task/python/colcon_distutils_commands:/home/orangepi/ros2_ws/install/stm32_keyboard_control/lib/python3.10/site-packages:${PYTHONPATH} /usr/bin/python3 -W ignore:setup.py install is deprecated -W ignore:easy_install command is deprecated setup.py egg_info --egg-base ../../build/stm32_keyboard_control build --build-base /home/orangepi/ros2_ws/build/stm32_keyboard_control/build install --record /home/orangepi/ros2_ws/build/stm32_keyboard_control/install.log --single-version-externally-managed install_data
[2.556s] DEBUG:colcon.colcon_core.event_handler.log_command:Invoking command in '/home/orangepi/ros2_ws/src/robot_controller': PYTHONPATH=/home/orangepi/ros2_ws/build/robot_controller/prefix_override:/usr/lib/python3/dist-packages/colcon_core/task/python/colcon_distutils_commands:/home/orangepi/ros2_ws/install/robot_controller/lib/python3.10/site-packages:${PYTHONPATH} /usr/bin/python3 -W ignore:setup.py install is deprecated -W ignore:easy_install command is deprecated setup.py egg_info --egg-base ../../build/robot_controller build --build-base /home/orangepi/ros2_ws/build/robot_controller/build install --record /home/orangepi/ros2_ws/build/robot_controller/install.log --single-version-externally-managed install_data
[3.016s] Level 1:colcon.colcon_core.environment:checking '/home/orangepi/ros2_ws/install/stm32_keyboard_control' for CMake module files
[3.019s] DEBUG:colcon.colcon_core.event_handler.log_command:Invoked command in '/home/orangepi/ros2_ws/src/stm32_keyboard_control' returned '0': PYTHONPATH=/home/orangepi/ros2_ws/build/stm32_keyboard_control/prefix_override:/usr/lib/python3/dist-packages/colcon_core/task/python/colcon_distutils_commands:/home/orangepi/ros2_ws/install/stm32_keyboard_control/lib/python3.10/site-packages:${PYTHONPATH} /usr/bin/python3 -W ignore:setup.py install is deprecated -W ignore:easy_install command is deprecated setup.py egg_info --egg-base ../../build/stm32_keyboard_control build --build-base /home/orangepi/ros2_ws/build/stm32_keyboard_control/build install --record /home/orangepi/ros2_ws/build/stm32_keyboard_control/install.log --single-version-externally-managed install_data
[3.021s] Level 1:colcon.colcon_core.environment:checking '/home/orangepi/ros2_ws/install/stm32_keyboard_control' for CMake config files
[3.024s] Level 1:colcon.colcon_core.environment:checking '/home/orangepi/ros2_ws/install/stm32_keyboard_control/lib'
[3.025s] Level 1:colcon.colcon_core.environment:checking '/home/orangepi/ros2_ws/install/stm32_keyboard_control/bin'
[3.026s] Level 1:colcon.colcon_core.environment:checking '/home/orangepi/ros2_ws/install/stm32_keyboard_control/lib/pkgconfig/stm32_keyboard_control.pc'
[3.028s] Level 1:colcon.colcon_core.environment:checking '/home/orangepi/ros2_ws/install/stm32_keyboard_control/lib/python3.10/site-packages'
[3.028s] Level 1:colcon.colcon_core.shell:create_environment_hook('stm32_keyboard_control', 'pythonpath')
[3.029s] INFO:colcon.colcon_core.shell:Creating environment hook '/home/orangepi/ros2_ws/install/stm32_keyboard_control/share/stm32_keyboard_control/hook/pythonpath.ps1'
[3.030s] INFO:colcon.colcon_core.shell:Creating environment descriptor '/home/orangepi/ros2_ws/install/stm32_keyboard_control/share/stm32_keyboard_control/hook/pythonpath.dsv'
[3.031s] INFO:colcon.colcon_core.shell:Creating environment hook '/home/orangepi/ros2_ws/install/stm32_keyboard_control/share/stm32_keyboard_control/hook/pythonpath.sh'
[3.033s] Level 1:colcon.colcon_core.environment:checking '/home/orangepi/ros2_ws/install/stm32_keyboard_control/bin'
[3.033s] Level 1:colcon.colcon_core.environment:create_environment_scripts_only(stm32_keyboard_control)
[3.034s] INFO:colcon.colcon_core.shell:Creating package script '/home/orangepi/ros2_ws/install/stm32_keyboard_control/share/stm32_keyboard_control/package.ps1'
[3.035s] INFO:colcon.colcon_core.shell:Creating package descriptor '/home/orangepi/ros2_ws/install/stm32_keyboard_control/share/stm32_keyboard_control/package.dsv'
[3.036s] INFO:colcon.colcon_core.shell:Creating package script '/home/orangepi/ros2_ws/install/stm32_keyboard_control/share/stm32_keyboard_control/package.sh'
[3.037s] INFO:colcon.colcon_core.shell:Creating package script '/home/orangepi/ros2_ws/install/stm32_keyboard_control/share/stm32_keyboard_control/package.bash'
[3.037s] INFO:colcon.colcon_core.shell:Creating package script '/home/orangepi/ros2_ws/install/stm32_keyboard_control/share/stm32_keyboard_control/package.zsh'
[3.038s] Level 1:colcon.colcon_core.environment:create_file_with_runtime_dependencies(/home/orangepi/ros2_ws/install/stm32_keyboard_control/share/colcon-core/packages/stm32_keyboard_control)
[3.040s] INFO:colcon.colcon_ros.task.ament_python.build:Building ROS package in '/home/orangepi/ros2_ws/src/my_robot_slam' with build type 'ament_python'
[3.040s] Level 1:colcon.colcon_core.shell:create_environment_hook('my_robot_slam', 'ament_prefix_path')
[3.041s] INFO:colcon.colcon_core.shell:Creating environment hook '/home/orangepi/ros2_ws/install/my_robot_slam/share/my_robot_slam/hook/ament_prefix_path.ps1'
[3.043s] INFO:colcon.colcon_core.shell:Creating environment descriptor '/home/orangepi/ros2_ws/install/my_robot_slam/share/my_robot_slam/hook/ament_prefix_path.dsv'
[3.047s] INFO:colcon.colcon_core.shell:Creating environment hook '/home/orangepi/ros2_ws/install/my_robot_slam/share/my_robot_slam/hook/ament_prefix_path.sh'
[3.053s] INFO:colcon.colcon_core.shell:Skip shell extension 'powershell' for command environment: Not usable outside of PowerShell
[3.054s] DEBUG:colcon.colcon_core.shell:Skip shell extension 'dsv' for command environment
[3.078s] Level 1:colcon.colcon_core.environment:checking '/home/orangepi/ros2_ws/install/robot_controller' for CMake module files
[3.082s] DEBUG:colcon.colcon_core.event_handler.log_command:Invoked command in '/home/orangepi/ros2_ws/src/robot_controller' returned '0': PYTHONPATH=/home/orangepi/ros2_ws/build/robot_controller/prefix_override:/usr/lib/python3/dist-packages/colcon_core/task/python/colcon_distutils_commands:/home/orangepi/ros2_ws/install/robot_controller/lib/python3.10/site-packages:${PYTHONPATH} /usr/bin/python3 -W ignore:setup.py install is deprecated -W ignore:easy_install command is deprecated setup.py egg_info --egg-base ../../build/robot_controller build --build-base /home/orangepi/ros2_ws/build/robot_controller/build install --record /home/orangepi/ros2_ws/build/robot_controller/install.log --single-version-externally-managed install_data
[3.083s] Level 1:colcon.colcon_core.environment:checking '/home/orangepi/ros2_ws/install/robot_controller' for CMake config files
[3.086s] Level 1:colcon.colcon_core.environment:checking '/home/orangepi/ros2_ws/install/robot_controller/lib'
[3.086s] Level 1:colcon.colcon_core.environment:checking '/home/orangepi/ros2_ws/install/robot_controller/bin'
[3.086s] Level 1:colcon.colcon_core.environment:checking '/home/orangepi/ros2_ws/install/robot_controller/lib/pkgconfig/robot_controller.pc'
[3.087s] Level 1:colcon.colcon_core.environment:checking '/home/orangepi/ros2_ws/install/robot_controller/lib/python3.10/site-packages'
[3.088s] Level 1:colcon.colcon_core.shell:create_environment_hook('robot_controller', 'pythonpath')
[3.089s] INFO:colcon.colcon_core.shell:Creating environment hook '/home/orangepi/ros2_ws/install/robot_controller/share/robot_controller/hook/pythonpath.ps1'
[3.091s] INFO:colcon.colcon_core.shell:Creating environment descriptor '/home/orangepi/ros2_ws/install/robot_controller/share/robot_controller/hook/pythonpath.dsv'
[3.093s] INFO:colcon.colcon_core.shell:Creating environment hook '/home/orangepi/ros2_ws/install/robot_controller/share/robot_controller/hook/pythonpath.sh'
[3.096s] Level 1:colcon.colcon_core.environment:checking '/home/orangepi/ros2_ws/install/robot_controller/bin'
[3.096s] Level 1:colcon.colcon_core.environment:create_environment_scripts_only(robot_controller)
[3.097s] INFO:colcon.colcon_core.shell:Creating package script '/home/orangepi/ros2_ws/install/robot_controller/share/robot_controller/package.ps1'
[3.098s] INFO:colcon.colcon_core.shell:Creating package descriptor '/home/orangepi/ros2_ws/install/robot_controller/share/robot_controller/package.dsv'
[3.099s] INFO:colcon.colcon_core.shell:Creating package script '/home/orangepi/ros2_ws/install/robot_controller/share/robot_controller/package.sh'
[3.101s] INFO:colcon.colcon_core.shell:Creating package script '/home/orangepi/ros2_ws/install/robot_controller/share/robot_controller/package.bash'
[3.102s] INFO:colcon.colcon_core.shell:Creating package script '/home/orangepi/ros2_ws/install/robot_controller/share/robot_controller/package.zsh'
[3.103s] Level 1:colcon.colcon_core.environment:create_file_with_runtime_dependencies(/home/orangepi/ros2_ws/install/robot_controller/share/colcon-core/packages/robot_controller)
[3.494s] INFO:colcon.colcon_core.task.python.build:Building Python package in '/home/orangepi/ros2_ws/src/my_robot_slam'
[3.496s] INFO:colcon.colcon_core.shell:Skip shell extension 'powershell' for command environment: Not usable outside of PowerShell
[3.496s] DEBUG:colcon.colcon_core.shell:Skip shell extension 'dsv' for command environment
[4.082s] DEBUG:colcon.colcon_core.event_handler.log_command:Invoking command in '/home/orangepi/ros2_ws/src/my_robot_slam': AMENT_PREFIX_PATH=/home/orangepi/ros2_ws/install/stm32_keyboard_control:/home/orangepi/ros2_ws/install/my_robot_slam:/home/orangepi/ros2_ws/install/rplidar_ros:/home/orangepi/ros2_ws/install/robot_controller:/home/orangepi/ros2_ws/install/my_robot_bringup:/opt/ros/humble PYTHONPATH=/home/orangepi/ros2_ws/build/my_robot_slam/prefix_override:/usr/lib/python3/dist-packages/colcon_core/task/python/colcon_distutils_commands:/home/orangepi/ros2_ws/install/my_robot_slam/lib/python3.10/site-packages:/home/orangepi/ros2_ws/install/stm32_keyboard_control/lib/python3.10/site-packages:/home/orangepi/ros2_ws/install/my_robot_slam/lib/python3.10/site-packages:/home/orangepi/ros2_ws/install/robot_controller/lib/python3.10/site-packages:/home/orangepi/ros2_ws/install/my_robot_bringup/lib/python3.10/site-packages:/opt/ros/humble/lib/python3.10/site-packages:/opt/ros/humble/local/lib/python3.10/dist-packages /usr/bin/python3 -W ignore:setup.py install is deprecated -W ignore:easy_install command is deprecated setup.py egg_info --egg-base ../../build/my_robot_slam build --build-base /home/orangepi/ros2_ws/build/my_robot_slam/build install --record /home/orangepi/ros2_ws/build/my_robot_slam/install.log --single-version-externally-managed install_data
[4.606s] Level 1:colcon.colcon_core.environment:checking '/home/orangepi/ros2_ws/install/my_robot_slam' for CMake module files
[4.607s] Level 1:colcon.colcon_core.environment:checking '/home/orangepi/ros2_ws/install/my_robot_slam' for CMake config files
[4.607s] Level 1:colcon.colcon_core.environment:checking '/home/orangepi/ros2_ws/install/my_robot_slam/lib'
[4.608s] Level 1:colcon.colcon_core.environment:checking '/home/orangepi/ros2_ws/install/my_robot_slam/bin'
[4.608s] Level 1:colcon.colcon_core.environment:checking '/home/orangepi/ros2_ws/install/my_robot_slam/lib/pkgconfig/my_robot_slam.pc'
[4.608s] Level 1:colcon.colcon_core.environment:checking '/home/orangepi/ros2_ws/install/my_robot_slam/lib/python3.10/site-packages'
[4.608s] Level 1:colcon.colcon_core.shell:create_environment_hook('my_robot_slam', 'pythonpath')
[4.609s] INFO:colcon.colcon_core.shell:Creating environment hook '/home/orangepi/ros2_ws/install/my_robot_slam/share/my_robot_slam/hook/pythonpath.ps1'
[4.611s] DEBUG:colcon.colcon_core.event_handler.log_command:Invoked command in '/home/orangepi/ros2_ws/src/my_robot_slam' returned '0': AMENT_PREFIX_PATH=/home/orangepi/ros2_ws/install/stm32_keyboard_control:/home/orangepi/ros2_ws/install/my_robot_slam:/home/orangepi/ros2_ws/install/rplidar_ros:/home/orangepi/ros2_ws/install/robot_controller:/home/orangepi/ros2_ws/install/my_robot_bringup:/opt/ros/humble PYTHONPATH=/home/orangepi/ros2_ws/build/my_robot_slam/prefix_override:/usr/lib/python3/dist-packages/colcon_core/task/python/colcon_distutils_commands:/home/orangepi/ros2_ws/install/my_robot_slam/lib/python3.10/site-packages:/home/orangepi/ros2_ws/install/stm32_keyboard_control/lib/python3.10/site-packages:/home/orangepi/ros2_ws/install/my_robot_slam/lib/python3.10/site-packages:/home/orangepi/ros2_ws/install/robot_controller/lib/python3.10/site-packages:/home/orangepi/ros2_ws/install/my_robot_bringup/lib/python3.10/site-packages:/opt/ros/humble/lib/python3.10/site-packages:/opt/ros/humble/local/lib/python3.10/dist-packages /usr/bin/python3 -W ignore:setup.py install is deprecated -W ignore:easy_install command is deprecated setup.py egg_info --egg-base ../../build/my_robot_slam build --build-base /home/orangepi/ros2_ws/build/my_robot_slam/build install --record /home/orangepi/ros2_ws/build/my_robot_slam/install.log --single-version-externally-managed install_data
[4.613s] INFO:colcon.colcon_core.shell:Creating environment descriptor '/home/orangepi/ros2_ws/install/my_robot_slam/share/my_robot_slam/hook/pythonpath.dsv'
[4.616s] INFO:colcon.colcon_core.shell:Creating environment hook '/home/orangepi/ros2_ws/install/my_robot_slam/share/my_robot_slam/hook/pythonpath.sh'
[4.620s] Level 1:colcon.colcon_core.environment:checking '/home/orangepi/ros2_ws/install/my_robot_slam/bin'
[4.621s] Level 1:colcon.colcon_core.environment:create_environment_scripts_only(my_robot_slam)
[4.623s] INFO:colcon.colcon_core.shell:Creating package script '/home/orangepi/ros2_ws/install/my_robot_slam/share/my_robot_slam/package.ps1'
[4.626s] INFO:colcon.colcon_core.shell:Creating package descriptor '/home/orangepi/ros2_ws/install/my_robot_slam/share/my_robot_slam/package.dsv'
[4.629s] INFO:colcon.colcon_core.shell:Creating package script '/home/orangepi/ros2_ws/install/my_robot_slam/share/my_robot_slam/package.sh'
[4.632s] INFO:colcon.colcon_core.shell:Creating package script '/home/orangepi/ros2_ws/install/my_robot_slam/share/my_robot_slam/package.bash'
[4.635s] INFO:colcon.colcon_core.shell:Creating package script '/home/orangepi/ros2_ws/install/my_robot_slam/share/my_robot_slam/package.zsh'
[4.638s] Level 1:colcon.colcon_core.environment:create_file_with_runtime_dependencies(/home/orangepi/ros2_ws/install/my_robot_slam/share/colcon-core/packages/my_robot_slam)
[4.640s] DEBUG:colcon.colcon_parallel_executor.executor.parallel:closing loop
[4.643s] DEBUG:colcon.colcon_parallel_executor.executor.parallel:loop closed
[4.644s] DEBUG:colcon.colcon_parallel_executor.executor.parallel:run_until_complete finished with '0'
[4.645s] DEBUG:colcon.colcon_core.event_reactor:joining thread
[4.678s] INFO:colcon.colcon_core.plugin_system:Skipping extension 'colcon_notification.desktop_notification.terminal_notifier': Not used on non-Darwin systems
[4.679s] INFO:colcon.colcon_core.plugin_system:Skipping extension 'colcon_notification.desktop_notification.win32': Not used on non-Windows systems
[4.679s] INFO:colcon.colcon_notification.desktop_notification:Sending desktop notification using 'notify2'
[4.816s] DEBUG:colcon.colcon_core.event_reactor:joined thread
[4.820s] INFO:colcon.colcon_core.shell:Creating prefix script '/home/orangepi/ros2_ws/install/local_setup.ps1'
[4.831s] INFO:colcon.colcon_core.shell:Creating prefix util module '/home/orangepi/ros2_ws/install/_local_setup_util_ps1.py'
[4.846s] INFO:colcon.colcon_core.shell:Creating prefix chain script '/home/orangepi/ros2_ws/install/setup.ps1'
[4.857s] INFO:colcon.colcon_core.shell:Creating prefix script '/home/orangepi/ros2_ws/install/local_setup.sh'
[4.864s] INFO:colcon.colcon_core.shell:Creating prefix util module '/home/orangepi/ros2_ws/install/_local_setup_util_sh.py'
[4.870s] INFO:colcon.colcon_core.shell:Creating prefix chain script '/home/orangepi/ros2_ws/install/setup.sh'
[4.879s] INFO:colcon.colcon_core.shell:Creating prefix script '/home/orangepi/ros2_ws/install/local_setup.bash'
[4.884s] INFO:colcon.colcon_core.shell:Creating prefix chain script '/home/orangepi/ros2_ws/install/setup.bash'
[4.894s] INFO:colcon.colcon_core.shell:Creating prefix script '/home/orangepi/ros2_ws/install/local_setup.zsh'
[4.901s] INFO:colcon.colcon_core.shell:Creating prefix chain script '/home/orangepi/ros2_ws/install/setup.zsh'
