[1.684s] Invoking command in '/home/orangepi/ros2_ws/src/robot_controller': PYTHONPATH=/home/orangepi/ros2_ws/build/robot_controller/prefix_override:/usr/lib/python3/dist-packages/colcon_core/task/python/colcon_distutils_commands:/home/orangepi/ros2_ws/install/robot_controller/lib/python3.10/site-packages:${PYTHONPATH} /usr/bin/python3 -W ignore:setup.py install is deprecated -W ignore:easy_install command is deprecated setup.py egg_info --egg-base ../../build/robot_controller build --build-base /home/orangepi/ros2_ws/build/robot_controller/build install --record /home/orangepi/ros2_ws/build/robot_controller/install.log --single-version-externally-managed install_data
[2.080s] running egg_info
[2.083s] writing ../../build/robot_controller/robot_controller.egg-info/PKG-INFO
[2.083s] writing dependency_links to ../../build/robot_controller/robot_controller.egg-info/dependency_links.txt
[2.086s] writing entry points to ../../build/robot_controller/robot_controller.egg-info/entry_points.txt
[2.087s] writing requirements to ../../build/robot_controller/robot_controller.egg-info/requires.txt
[2.087s] writing top-level names to ../../build/robot_controller/robot_controller.egg-info/top_level.txt
[2.092s] reading manifest file '../../build/robot_controller/robot_controller.egg-info/SOURCES.txt'
[2.093s] writing manifest file '../../build/robot_controller/robot_controller.egg-info/SOURCES.txt'
[2.094s] running build
[2.094s] running build_py
[2.094s] running install
[2.094s] running install_lib
[2.097s] running install_data
[2.098s] running install_egg_info
[2.101s] removing '/home/orangepi/ros2_ws/install/robot_controller/lib/python3.10/site-packages/robot_controller-0.0.0-py3.10.egg-info' (and everything under it)
[2.101s] Copying ../../build/robot_controller/robot_controller.egg-info to /home/orangepi/ros2_ws/install/robot_controller/lib/python3.10/site-packages/robot_controller-0.0.0-py3.10.egg-info
[2.102s] running install_scripts
[2.138s] Installing keyboard_controller script to /home/orangepi/ros2_ws/install/robot_controller/lib/robot_controller
[2.139s] Installing robot_controller_stm32 script to /home/orangepi/ros2_ws/install/robot_controller/lib/robot_controller
[2.146s] Installing stm32_interface script to /home/orangepi/ros2_ws/install/robot_controller/lib/robot_controller
[2.147s] writing list of installed files to '/home/orangepi/ros2_ws/build/robot_controller/install.log'
[2.587s] Invoked command in '/home/orangepi/ros2_ws/src/robot_controller' returned '0': PYTHONPATH=/home/orangepi/ros2_ws/build/robot_controller/prefix_override:/usr/lib/python3/dist-packages/colcon_core/task/python/colcon_distutils_commands:/home/orangepi/ros2_ws/install/robot_controller/lib/python3.10/site-packages:${PYTHONPATH} /usr/bin/python3 -W ignore:setup.py install is deprecated -W ignore:easy_install command is deprecated setup.py egg_info --egg-base ../../build/robot_controller build --build-base /home/orangepi/ros2_ws/build/robot_controller/build install --record /home/orangepi/ros2_ws/build/robot_controller/install.log --single-version-externally-managed install_data
