running egg_info
creating ../../build/my_robot_slam/my_robot_slam.egg-info
writing ../../build/my_robot_slam/my_robot_slam.egg-info/PKG-INFO
writing dependency_links to ../../build/my_robot_slam/my_robot_slam.egg-info/dependency_links.txt
writing entry points to ../../build/my_robot_slam/my_robot_slam.egg-info/entry_points.txt
writing requirements to ../../build/my_robot_slam/my_robot_slam.egg-info/requires.txt
writing top-level names to ../../build/my_robot_slam/my_robot_slam.egg-info/top_level.txt
writing manifest file '../../build/my_robot_slam/my_robot_slam.egg-info/SOURCES.txt'
reading manifest file '../../build/my_robot_slam/my_robot_slam.egg-info/SOURCES.txt'
writing manifest file '../../build/my_robot_slam/my_robot_slam.egg-info/SOURCES.txt'
running build
running build_py
creating /home/orangepi/ros2_ws/build/my_robot_slam/build
creating /home/orangepi/ros2_ws/build/my_robot_slam/build/lib
creating /home/orangepi/ros2_ws/build/my_robot_slam/build/lib/my_robot_slam
copying my_robot_slam/__init__.py -> /home/orangepi/ros2_ws/build/my_robot_slam/build/lib/my_robot_slam
running install
running install_lib
creating /home/orangepi/ros2_ws/install/my_robot_slam/lib/python3.10/site-packages/my_robot_slam
copying /home/orangepi/ros2_ws/build/my_robot_slam/build/lib/my_robot_slam/__init__.py -> /home/orangepi/ros2_ws/install/my_robot_slam/lib/python3.10/site-packages/my_robot_slam
byte-compiling /home/orangepi/ros2_ws/install/my_robot_slam/lib/python3.10/site-packages/my_robot_slam/__init__.py to __init__.cpython-310.pyc
running install_data
creating /home/orangepi/ros2_ws/install/my_robot_slam/share/ament_index
creating /home/orangepi/ros2_ws/install/my_robot_slam/share/ament_index/resource_index
creating /home/orangepi/ros2_ws/install/my_robot_slam/share/ament_index/resource_index/packages
copying resource/my_robot_slam -> /home/orangepi/ros2_ws/install/my_robot_slam/share/ament_index/resource_index/packages
copying package.xml -> /home/orangepi/ros2_ws/install/my_robot_slam/share/my_robot_slam
creating /home/orangepi/ros2_ws/install/my_robot_slam/share/my_robot_slam/launch
copying launch/slam_mapping.launch.py -> /home/orangepi/ros2_ws/install/my_robot_slam/share/my_robot_slam/launch
creating /home/orangepi/ros2_ws/install/my_robot_slam/share/my_robot_slam/config
copying config/my_slam_params.yaml -> /home/orangepi/ros2_ws/install/my_robot_slam/share/my_robot_slam/config
creating /home/orangepi/ros2_ws/install/my_robot_slam/share/my_robot_slam/rviz
copying rviz/slam_mapping.rviz -> /home/orangepi/ros2_ws/install/my_robot_slam/share/my_robot_slam/rviz
running install_egg_info
Copying ../../build/my_robot_slam/my_robot_slam.egg-info to /home/orangepi/ros2_ws/install/my_robot_slam/lib/python3.10/site-packages/my_robot_slam-0.0.0-py3.10.egg-info
running install_scripts
writing list of installed files to '/home/orangepi/ros2_ws/build/my_robot_slam/install.log'
