[0.891s] Invoking command in '/home/orangepi/ros2_ws/src/my_robot_slam': AMENT_PREFIX_PATH=/home/orangepi/ros2_ws/install/stm32_keyboard_control:/home/orangepi/ros2_ws/install/my_robot_slam:/home/orangepi/ros2_ws/install/rplidar_ros:/home/orangepi/ros2_ws/install/robot_controller:/home/orangepi/ros2_ws/install/my_robot_bringup:/opt/ros/humble PYTHONPATH=/home/orangepi/ros2_ws/build/my_robot_slam/prefix_override:/usr/lib/python3/dist-packages/colcon_core/task/python/colcon_distutils_commands:/home/orangepi/ros2_ws/install/my_robot_slam/lib/python3.10/site-packages:/home/orangepi/ros2_ws/install/stm32_keyboard_control/lib/python3.10/site-packages:/home/orangepi/ros2_ws/install/my_robot_slam/lib/python3.10/site-packages:/home/orangepi/ros2_ws/install/robot_controller/lib/python3.10/site-packages:/home/orangepi/ros2_ws/install/my_robot_bringup/lib/python3.10/site-packages:/opt/ros/humble/lib/python3.10/site-packages:/opt/ros/humble/local/lib/python3.10/dist-packages /usr/bin/python3 -W ignore:setup.py install is deprecated -W ignore:easy_install command is deprecated setup.py egg_info --egg-base ../../build/my_robot_slam build --build-base /home/orangepi/ros2_ws/build/my_robot_slam/build install --record /home/orangepi/ros2_ws/build/my_robot_slam/install.log --single-version-externally-managed install_data
[1.213s] running egg_info
[1.213s] creating ../../build/my_robot_slam/my_robot_slam.egg-info
[1.214s] writing ../../build/my_robot_slam/my_robot_slam.egg-info/PKG-INFO
[1.215s] writing dependency_links to ../../build/my_robot_slam/my_robot_slam.egg-info/dependency_links.txt
[1.215s] writing entry points to ../../build/my_robot_slam/my_robot_slam.egg-info/entry_points.txt
[1.216s] writing requirements to ../../build/my_robot_slam/my_robot_slam.egg-info/requires.txt
[1.216s] writing top-level names to ../../build/my_robot_slam/my_robot_slam.egg-info/top_level.txt
[1.216s] writing manifest file '../../build/my_robot_slam/my_robot_slam.egg-info/SOURCES.txt'
[1.219s] reading manifest file '../../build/my_robot_slam/my_robot_slam.egg-info/SOURCES.txt'
[1.220s] writing manifest file '../../build/my_robot_slam/my_robot_slam.egg-info/SOURCES.txt'
[1.220s] running build
[1.220s] running build_py
[1.220s] creating /home/orangepi/ros2_ws/build/my_robot_slam/build
[1.221s] creating /home/orangepi/ros2_ws/build/my_robot_slam/build/lib
[1.221s] creating /home/orangepi/ros2_ws/build/my_robot_slam/build/lib/my_robot_slam
[1.221s] copying my_robot_slam/__init__.py -> /home/orangepi/ros2_ws/build/my_robot_slam/build/lib/my_robot_slam
[1.221s] running install
[1.221s] running install_lib
[1.222s] creating /home/orangepi/ros2_ws/install/my_robot_slam/lib/python3.10/site-packages/my_robot_slam
[1.222s] copying /home/orangepi/ros2_ws/build/my_robot_slam/build/lib/my_robot_slam/__init__.py -> /home/orangepi/ros2_ws/install/my_robot_slam/lib/python3.10/site-packages/my_robot_slam
[1.223s] byte-compiling /home/orangepi/ros2_ws/install/my_robot_slam/lib/python3.10/site-packages/my_robot_slam/__init__.py to __init__.cpython-310.pyc
[1.224s] running install_data
[1.224s] creating /home/orangepi/ros2_ws/install/my_robot_slam/share/ament_index
[1.224s] creating /home/orangepi/ros2_ws/install/my_robot_slam/share/ament_index/resource_index
[1.224s] creating /home/orangepi/ros2_ws/install/my_robot_slam/share/ament_index/resource_index/packages
[1.224s] copying resource/my_robot_slam -> /home/orangepi/ros2_ws/install/my_robot_slam/share/ament_index/resource_index/packages
[1.224s] copying package.xml -> /home/orangepi/ros2_ws/install/my_robot_slam/share/my_robot_slam
[1.225s] creating /home/orangepi/ros2_ws/install/my_robot_slam/share/my_robot_slam/launch
[1.225s] copying launch/slam_mapping.launch.py -> /home/orangepi/ros2_ws/install/my_robot_slam/share/my_robot_slam/launch
[1.225s] creating /home/orangepi/ros2_ws/install/my_robot_slam/share/my_robot_slam/config
[1.225s] copying config/my_slam_params.yaml -> /home/orangepi/ros2_ws/install/my_robot_slam/share/my_robot_slam/config
[1.225s] creating /home/orangepi/ros2_ws/install/my_robot_slam/share/my_robot_slam/rviz
[1.225s] copying rviz/slam_mapping.rviz -> /home/orangepi/ros2_ws/install/my_robot_slam/share/my_robot_slam/rviz
[1.225s] running install_egg_info
[1.228s] Copying ../../build/my_robot_slam/my_robot_slam.egg-info to /home/orangepi/ros2_ws/install/my_robot_slam/lib/python3.10/site-packages/my_robot_slam-0.0.0-py3.10.egg-info
[1.229s] running install_scripts
[1.270s] writing list of installed files to '/home/orangepi/ros2_ws/build/my_robot_slam/install.log'
[1.378s] Invoked command in '/home/orangepi/ros2_ws/src/my_robot_slam' returned '0': AMENT_PREFIX_PATH=/home/orangepi/ros2_ws/install/stm32_keyboard_control:/home/orangepi/ros2_ws/install/my_robot_slam:/home/orangepi/ros2_ws/install/rplidar_ros:/home/orangepi/ros2_ws/install/robot_controller:/home/orangepi/ros2_ws/install/my_robot_bringup:/opt/ros/humble PYTHONPATH=/home/orangepi/ros2_ws/build/my_robot_slam/prefix_override:/usr/lib/python3/dist-packages/colcon_core/task/python/colcon_distutils_commands:/home/orangepi/ros2_ws/install/my_robot_slam/lib/python3.10/site-packages:/home/orangepi/ros2_ws/install/stm32_keyboard_control/lib/python3.10/site-packages:/home/orangepi/ros2_ws/install/my_robot_slam/lib/python3.10/site-packages:/home/orangepi/ros2_ws/install/robot_controller/lib/python3.10/site-packages:/home/orangepi/ros2_ws/install/my_robot_bringup/lib/python3.10/site-packages:/opt/ros/humble/lib/python3.10/site-packages:/opt/ros/humble/local/lib/python3.10/dist-packages /usr/bin/python3 -W ignore:setup.py install is deprecated -W ignore:easy_install command is deprecated setup.py egg_info --egg-base ../../build/my_robot_slam build --build-base /home/orangepi/ros2_ws/build/my_robot_slam/build install --record /home/orangepi/ros2_ws/build/my_robot_slam/install.log --single-version-externally-managed install_data
