[1.794s] Invoking command in '/home/orangepi/ros2_ws/src/robot_controller': PYTHONPATH=/home/orangepi/ros2_ws/build/robot_controller/prefix_override:/usr/lib/python3/dist-packages/colcon_core/task/python/colcon_distutils_commands:/home/orangepi/ros2_ws/install/robot_controller/lib/python3.10/site-packages:${PYTHONPATH} /usr/bin/python3 -W ignore:setup.py install is deprecated -W ignore:easy_install command is deprecated setup.py egg_info --egg-base ../../build/robot_controller build --build-base /home/orangepi/ros2_ws/build/robot_controller/build install --record /home/orangepi/ros2_ws/build/robot_controller/install.log --single-version-externally-managed install_data
[2.156s] running egg_info
[2.159s] writing ../../build/robot_controller/robot_controller.egg-info/PKG-INFO
[2.159s] writing dependency_links to ../../build/robot_controller/robot_controller.egg-info/dependency_links.txt
[2.172s] writing entry points to ../../build/robot_controller/robot_controller.egg-info/entry_points.txt
[2.172s] writing requirements to ../../build/robot_controller/robot_controller.egg-info/requires.txt
[2.173s] writing top-level names to ../../build/robot_controller/robot_controller.egg-info/top_level.txt
[2.184s] reading manifest file '../../build/robot_controller/robot_controller.egg-info/SOURCES.txt'
[2.185s] writing manifest file '../../build/robot_controller/robot_controller.egg-info/SOURCES.txt'
[2.185s] running build
[2.185s] running build_py
[2.186s] running install
[2.188s] running install_lib
[2.193s] running install_data
[2.194s] running install_egg_info
[2.198s] removing '/home/orangepi/ros2_ws/install/robot_controller/lib/python3.10/site-packages/robot_controller-0.0.0-py3.10.egg-info' (and everything under it)
[2.198s] Copying ../../build/robot_controller/robot_controller.egg-info to /home/orangepi/ros2_ws/install/robot_controller/lib/python3.10/site-packages/robot_controller-0.0.0-py3.10.egg-info
[2.199s] running install_scripts
[2.248s] Installing keyboard_controller script to /home/orangepi/ros2_ws/install/robot_controller/lib/robot_controller
[2.248s] Installing robot_controller_stm32 script to /home/orangepi/ros2_ws/install/robot_controller/lib/robot_controller
[2.249s] Installing stm32_interface script to /home/orangepi/ros2_ws/install/robot_controller/lib/robot_controller
[2.255s] writing list of installed files to '/home/orangepi/ros2_ws/build/robot_controller/install.log'
[2.360s] Invoked command in '/home/orangepi/ros2_ws/src/robot_controller' returned '0': PYTHONPATH=/home/orangepi/ros2_ws/build/robot_controller/prefix_override:/usr/lib/python3/dist-packages/colcon_core/task/python/colcon_distutils_commands:/home/orangepi/ros2_ws/install/robot_controller/lib/python3.10/site-packages:${PYTHONPATH} /usr/bin/python3 -W ignore:setup.py install is deprecated -W ignore:easy_install command is deprecated setup.py egg_info --egg-base ../../build/robot_controller build --build-base /home/orangepi/ros2_ws/build/robot_controller/build install --record /home/orangepi/ros2_ws/build/robot_controller/install.log --single-version-externally-managed install_data
