[1.424s] Invoking command in '/home/orangepi/ros2_ws/src/robot_controller': PYTHONPATH=/home/orangepi/ros2_ws/build/robot_controller/prefix_override:/usr/lib/python3/dist-packages/colcon_core/task/python/colcon_distutils_commands:/home/orangepi/ros2_ws/install/robot_controller/lib/python3.10/site-packages:${PYTHONPATH} /usr/bin/python3 -W ignore:setup.py install is deprecated -W ignore:easy_install command is deprecated setup.py egg_info --egg-base ../../build/robot_controller build --build-base /home/orangepi/ros2_ws/build/robot_controller/build install --record /home/orangepi/ros2_ws/build/robot_controller/install.log --single-version-externally-managed install_data
[1.718s] running egg_info
[1.719s] writing ../../build/robot_controller/robot_controller.egg-info/PKG-INFO
[1.719s] writing dependency_links to ../../build/robot_controller/robot_controller.egg-info/dependency_links.txt
[1.721s] writing entry points to ../../build/robot_controller/robot_controller.egg-info/entry_points.txt
[1.721s] writing requirements to ../../build/robot_controller/robot_controller.egg-info/requires.txt
[1.722s] writing top-level names to ../../build/robot_controller/robot_controller.egg-info/top_level.txt
[1.727s] reading manifest file '../../build/robot_controller/robot_controller.egg-info/SOURCES.txt'
[1.729s] writing manifest file '../../build/robot_controller/robot_controller.egg-info/SOURCES.txt'
[1.729s] running build
[1.730s] running build_py
[1.730s] running install
[1.730s] running install_lib
[1.733s] running install_data
[1.733s] running install_egg_info
[1.737s] removing '/home/orangepi/ros2_ws/install/robot_controller/lib/python3.10/site-packages/robot_controller-0.0.0-py3.10.egg-info' (and everything under it)
[1.737s] Copying ../../build/robot_controller/robot_controller.egg-info to /home/orangepi/ros2_ws/install/robot_controller/lib/python3.10/site-packages/robot_controller-0.0.0-py3.10.egg-info
[1.738s] running install_scripts
[1.777s] Installing keyboard_controller script to /home/orangepi/ros2_ws/install/robot_controller/lib/robot_controller
[1.778s] Installing robot_controller_stm32 script to /home/orangepi/ros2_ws/install/robot_controller/lib/robot_controller
[1.778s] Installing stm32_interface script to /home/orangepi/ros2_ws/install/robot_controller/lib/robot_controller
[1.782s] writing list of installed files to '/home/orangepi/ros2_ws/build/robot_controller/install.log'
[1.898s] Invoked command in '/home/orangepi/ros2_ws/src/robot_controller' returned '0': PYTHONPATH=/home/orangepi/ros2_ws/build/robot_controller/prefix_override:/usr/lib/python3/dist-packages/colcon_core/task/python/colcon_distutils_commands:/home/orangepi/ros2_ws/install/robot_controller/lib/python3.10/site-packages:${PYTHONPATH} /usr/bin/python3 -W ignore:setup.py install is deprecated -W ignore:easy_install command is deprecated setup.py egg_info --egg-base ../../build/robot_controller build --build-base /home/orangepi/ros2_ws/build/robot_controller/build install --record /home/orangepi/ros2_ws/build/robot_controller/install.log --single-version-externally-managed install_data
