[1.070s] Invoking command in '/home/orangepi/ros2_ws/src/my_robot_slam': AMENT_PREFIX_PATH=/home/orangepi/ros2_ws/install/stm32_keyboard_control:/home/orangepi/ros2_ws/install/my_robot_slam:/home/orangepi/ros2_ws/install/rplidar_ros:/home/orangepi/ros2_ws/install/robot_controller:/home/orangepi/ros2_ws/install/my_robot_bringup:/opt/ros/humble PYTHONPATH=/home/orangepi/ros2_ws/build/my_robot_slam/prefix_override:/usr/lib/python3/dist-packages/colcon_core/task/python/colcon_distutils_commands:/home/orangepi/ros2_ws/install/my_robot_slam/lib/python3.10/site-packages:/home/orangepi/ros2_ws/install/stm32_keyboard_control/lib/python3.10/site-packages:/home/orangepi/ros2_ws/install/my_robot_slam/lib/python3.10/site-packages:/home/orangepi/ros2_ws/install/robot_controller/lib/python3.10/site-packages:/home/orangepi/ros2_ws/install/my_robot_bringup/lib/python3.10/site-packages:/opt/ros/humble/lib/python3.10/site-packages:/opt/ros/humble/local/lib/python3.10/dist-packages /usr/bin/python3 -W ignore:setup.py install is deprecated -W ignore:easy_install command is deprecated setup.py egg_info --egg-base ../../build/my_robot_slam build --build-base /home/orangepi/ros2_ws/build/my_robot_slam/build install --record /home/orangepi/ros2_ws/build/my_robot_slam/install.log --single-version-externally-managed install_data
[1.416s] running egg_info
[1.418s] writing ../../build/my_robot_slam/my_robot_slam.egg-info/PKG-INFO
[1.419s] writing dependency_links to ../../build/my_robot_slam/my_robot_slam.egg-info/dependency_links.txt
[1.420s] writing entry points to ../../build/my_robot_slam/my_robot_slam.egg-info/entry_points.txt
[1.420s] writing requirements to ../../build/my_robot_slam/my_robot_slam.egg-info/requires.txt
[1.421s] writing top-level names to ../../build/my_robot_slam/my_robot_slam.egg-info/top_level.txt
[1.433s] reading manifest file '../../build/my_robot_slam/my_robot_slam.egg-info/SOURCES.txt'
[1.438s] writing manifest file '../../build/my_robot_slam/my_robot_slam.egg-info/SOURCES.txt'
[1.439s] running build
[1.439s] running build_py
[1.440s] running install
[1.442s] running install_lib
[1.448s] running install_data
[1.449s] running install_egg_info
[1.459s] removing '/home/orangepi/ros2_ws/install/my_robot_slam/lib/python3.10/site-packages/my_robot_slam-0.0.0-py3.10.egg-info' (and everything under it)
[1.462s] Copying ../../build/my_robot_slam/my_robot_slam.egg-info to /home/orangepi/ros2_ws/install/my_robot_slam/lib/python3.10/site-packages/my_robot_slam-0.0.0-py3.10.egg-info
[1.465s] running install_scripts
[1.502s] writing list of installed files to '/home/orangepi/ros2_ws/build/my_robot_slam/install.log'
[1.589s] Invoked command in '/home/orangepi/ros2_ws/src/my_robot_slam' returned '0': AMENT_PREFIX_PATH=/home/orangepi/ros2_ws/install/stm32_keyboard_control:/home/orangepi/ros2_ws/install/my_robot_slam:/home/orangepi/ros2_ws/install/rplidar_ros:/home/orangepi/ros2_ws/install/robot_controller:/home/orangepi/ros2_ws/install/my_robot_bringup:/opt/ros/humble PYTHONPATH=/home/orangepi/ros2_ws/build/my_robot_slam/prefix_override:/usr/lib/python3/dist-packages/colcon_core/task/python/colcon_distutils_commands:/home/orangepi/ros2_ws/install/my_robot_slam/lib/python3.10/site-packages:/home/orangepi/ros2_ws/install/stm32_keyboard_control/lib/python3.10/site-packages:/home/orangepi/ros2_ws/install/my_robot_slam/lib/python3.10/site-packages:/home/orangepi/ros2_ws/install/robot_controller/lib/python3.10/site-packages:/home/orangepi/ros2_ws/install/my_robot_bringup/lib/python3.10/site-packages:/opt/ros/humble/lib/python3.10/site-packages:/opt/ros/humble/local/lib/python3.10/dist-packages /usr/bin/python3 -W ignore:setup.py install is deprecated -W ignore:easy_install command is deprecated setup.py egg_info --egg-base ../../build/my_robot_slam build --build-base /home/orangepi/ros2_ws/build/my_robot_slam/build install --record /home/orangepi/ros2_ws/build/my_robot_slam/install.log --single-version-externally-managed install_data
