[1.567s] Invoking command in '/home/orangepi/ros2_ws/src/stm32_keyboard_control': PYTHONPATH=/home/orangepi/ros2_ws/build/stm32_keyboard_control/prefix_override:/usr/lib/python3/dist-packages/colcon_core/task/python/colcon_distutils_commands:/home/orangepi/ros2_ws/install/stm32_keyboard_control/lib/python3.10/site-packages:${PYTHONPATH} /usr/bin/python3 -W ignore:setup.py install is deprecated -W ignore:easy_install command is deprecated setup.py egg_info --egg-base ../../build/stm32_keyboard_control build --build-base /home/orangepi/ros2_ws/build/stm32_keyboard_control/build install --record /home/orangepi/ros2_ws/build/stm32_keyboard_control/install.log --single-version-externally-managed install_data
[1.935s] running egg_info
[1.938s] writing ../../build/stm32_keyboard_control/stm32_keyboard_control.egg-info/PKG-INFO
[1.939s] writing dependency_links to ../../build/stm32_keyboard_control/stm32_keyboard_control.egg-info/dependency_links.txt
[1.943s] writing entry points to ../../build/stm32_keyboard_control/stm32_keyboard_control.egg-info/entry_points.txt
[1.944s] writing requirements to ../../build/stm32_keyboard_control/stm32_keyboard_control.egg-info/requires.txt
[1.949s] writing top-level names to ../../build/stm32_keyboard_control/stm32_keyboard_control.egg-info/top_level.txt
[1.956s] reading manifest file '../../build/stm32_keyboard_control/stm32_keyboard_control.egg-info/SOURCES.txt'
[1.961s] writing manifest file '../../build/stm32_keyboard_control/stm32_keyboard_control.egg-info/SOURCES.txt'
[1.962s] running build
[1.963s] running build_py
[1.966s] copying stm32_keyboard_control/keyboard_control_node.py -> /home/orangepi/ros2_ws/build/stm32_keyboard_control/build/lib/stm32_keyboard_control
[1.967s] running install
[1.969s] running install_lib
[1.972s] copying /home/orangepi/ros2_ws/build/stm32_keyboard_control/build/lib/stm32_keyboard_control/keyboard_control_node.py -> /home/orangepi/ros2_ws/install/stm32_keyboard_control/lib/python3.10/site-packages/stm32_keyboard_control
[1.977s] byte-compiling /home/orangepi/ros2_ws/install/stm32_keyboard_control/lib/python3.10/site-packages/stm32_keyboard_control/keyboard_control_node.py to keyboard_control_node.cpython-310.pyc
[1.987s] running install_data
[1.987s] running install_egg_info
[1.990s] removing '/home/orangepi/ros2_ws/install/stm32_keyboard_control/lib/python3.10/site-packages/stm32_keyboard_control-0.0.0-py3.10.egg-info' (and everything under it)
[1.991s] Copying ../../build/stm32_keyboard_control/stm32_keyboard_control.egg-info to /home/orangepi/ros2_ws/install/stm32_keyboard_control/lib/python3.10/site-packages/stm32_keyboard_control-0.0.0-py3.10.egg-info
[1.991s] running install_scripts
[2.024s] Installing keyboard_control_node script to /home/orangepi/ros2_ws/install/stm32_keyboard_control/lib/stm32_keyboard_control
[2.025s] writing list of installed files to '/home/orangepi/ros2_ws/build/stm32_keyboard_control/install.log'
[2.101s] Invoked command in '/home/orangepi/ros2_ws/src/stm32_keyboard_control' returned '0': PYTHONPATH=/home/orangepi/ros2_ws/build/stm32_keyboard_control/prefix_override:/usr/lib/python3/dist-packages/colcon_core/task/python/colcon_distutils_commands:/home/orangepi/ros2_ws/install/stm32_keyboard_control/lib/python3.10/site-packages:${PYTHONPATH} /usr/bin/python3 -W ignore:setup.py install is deprecated -W ignore:easy_install command is deprecated setup.py egg_info --egg-base ../../build/stm32_keyboard_control build --build-base /home/orangepi/ros2_ws/build/stm32_keyboard_control/build install --record /home/orangepi/ros2_ws/build/stm32_keyboard_control/install.log --single-version-externally-managed install_data
