/home/orangepi/ros2_ws/install/robot_controller/lib/python3.10/site-packages/robot_controller/robot_controller_stm32.py
/home/orangepi/ros2_ws/install/robot_controller/lib/python3.10/site-packages/robot_controller/stm32_interface.py
/home/orangepi/ros2_ws/install/robot_controller/lib/python3.10/site-packages/robot_controller/teleop_publisher.py
/home/orangepi/ros2_ws/install/robot_controller/lib/python3.10/site-packages/robot_controller/robot_controller.py
/home/orangepi/ros2_ws/install/robot_controller/lib/python3.10/site-packages/robot_controller/__init__.py
/home/orangepi/ros2_ws/install/robot_controller/lib/python3.10/site-packages/robot_controller/__pycache__/robot_controller_stm32.cpython-310.pyc
/home/orangepi/ros2_ws/install/robot_controller/lib/python3.10/site-packages/robot_controller/__pycache__/stm32_interface.cpython-310.pyc
/home/orangepi/ros2_ws/install/robot_controller/lib/python3.10/site-packages/robot_controller/__pycache__/teleop_publisher.cpython-310.pyc
/home/orangepi/ros2_ws/install/robot_controller/lib/python3.10/site-packages/robot_controller/__pycache__/robot_controller.cpython-310.pyc
/home/orangepi/ros2_ws/install/robot_controller/lib/python3.10/site-packages/robot_controller/__pycache__/__init__.cpython-310.pyc
/home/orangepi/ros2_ws/install/robot_controller/share/ament_index/resource_index/packages/robot_controller
/home/orangepi/ros2_ws/install/robot_controller/share/robot_controller/package.xml
/home/orangepi/ros2_ws/install/robot_controller/lib/python3.10/site-packages/robot_controller-0.0.0-py3.10.egg-info/entry_points.txt
/home/orangepi/ros2_ws/install/robot_controller/lib/python3.10/site-packages/robot_controller-0.0.0-py3.10.egg-info/zip-safe
/home/orangepi/ros2_ws/install/robot_controller/lib/python3.10/site-packages/robot_controller-0.0.0-py3.10.egg-info/top_level.txt
/home/orangepi/ros2_ws/install/robot_controller/lib/python3.10/site-packages/robot_controller-0.0.0-py3.10.egg-info/dependency_links.txt
/home/orangepi/ros2_ws/install/robot_controller/lib/python3.10/site-packages/robot_controller-0.0.0-py3.10.egg-info/SOURCES.txt
/home/orangepi/ros2_ws/install/robot_controller/lib/python3.10/site-packages/robot_controller-0.0.0-py3.10.egg-info/PKG-INFO
/home/orangepi/ros2_ws/install/robot_controller/lib/python3.10/site-packages/robot_controller-0.0.0-py3.10.egg-info/requires.txt
/home/orangepi/ros2_ws/install/robot_controller/lib/robot_controller/keyboard_controller
/home/orangepi/ros2_ws/install/robot_controller/lib/robot_controller/robot_controller_stm32
/home/orangepi/ros2_ws/install/robot_controller/lib/robot_controller/stm32_interface
