[1.629s] Invoking command in '/home/orangepi/ros2_ws/src/robot_controller': PYTHONPATH=/home/orangepi/ros2_ws/build/robot_controller/prefix_override:/usr/lib/python3/dist-packages/colcon_core/task/python/colcon_distutils_commands:/home/orangepi/ros2_ws/install/robot_controller/lib/python3.10/site-packages:${PYTHONPATH} /usr/bin/python3 -W ignore:setup.py install is deprecated -W ignore:easy_install command is deprecated setup.py egg_info --egg-base ../../build/robot_controller build --build-base /home/orangepi/ros2_ws/build/robot_controller/build install --record /home/orangepi/ros2_ws/build/robot_controller/install.log --single-version-externally-managed install_data
[1.974s] running egg_info
[1.977s] writing ../../build/robot_controller/robot_controller.egg-info/PKG-INFO
[1.977s] writing dependency_links to ../../build/robot_controller/robot_controller.egg-info/dependency_links.txt
[1.978s] writing entry points to ../../build/robot_controller/robot_controller.egg-info/entry_points.txt
[1.978s] writing requirements to ../../build/robot_controller/robot_controller.egg-info/requires.txt
[1.981s] writing top-level names to ../../build/robot_controller/robot_controller.egg-info/top_level.txt
[1.987s] reading manifest file '../../build/robot_controller/robot_controller.egg-info/SOURCES.txt'
[1.988s] writing manifest file '../../build/robot_controller/robot_controller.egg-info/SOURCES.txt'
[1.989s] running build
[1.991s] running build_py
[1.992s] running install
[1.992s] running install_lib
[1.992s] running install_data
[1.992s] running install_egg_info
[1.995s] removing '/home/orangepi/ros2_ws/install/robot_controller/lib/python3.10/site-packages/robot_controller-0.0.0-py3.10.egg-info' (and everything under it)
[1.996s] Copying ../../build/robot_controller/robot_controller.egg-info to /home/orangepi/ros2_ws/install/robot_controller/lib/python3.10/site-packages/robot_controller-0.0.0-py3.10.egg-info
[1.997s] running install_scripts
[2.033s] Installing keyboard_controller script to /home/orangepi/ros2_ws/install/robot_controller/lib/robot_controller
[2.033s] Installing robot_controller_stm32 script to /home/orangepi/ros2_ws/install/robot_controller/lib/robot_controller
[2.035s] Installing stm32_interface script to /home/orangepi/ros2_ws/install/robot_controller/lib/robot_controller
[2.038s] writing list of installed files to '/home/orangepi/ros2_ws/build/robot_controller/install.log'
[2.414s] Invoked command in '/home/orangepi/ros2_ws/src/robot_controller' returned '0': PYTHONPATH=/home/orangepi/ros2_ws/build/robot_controller/prefix_override:/usr/lib/python3/dist-packages/colcon_core/task/python/colcon_distutils_commands:/home/orangepi/ros2_ws/install/robot_controller/lib/python3.10/site-packages:${PYTHONPATH} /usr/bin/python3 -W ignore:setup.py install is deprecated -W ignore:easy_install command is deprecated setup.py egg_info --egg-base ../../build/robot_controller build --build-base /home/orangepi/ros2_ws/build/robot_controller/build install --record /home/orangepi/ros2_ws/build/robot_controller/install.log --single-version-externally-managed install_data
