[0.042s] Invoking command in '/home/orangepi/ros2_ws/build/rplidar_ros': CMAKE_PREFIX_PATH=${CMAKE_PREFIX_PATH}:/home/orangepi/ros2_ws/install/my_robot_slam:/home/orangepi/ros2_ws/install/stm32_keyboard_control:/home/orangepi/ros2_ws/install/robot_controller:/home/orangepi/ros2_ws/install/my_robot_bringup:/opt/ros/humble /usr/bin/cmake --build /home/orangepi/ros2_ws/build/rplidar_ros -- -j8 -l8
[0.481s] [ 47%] Built target rplidar_composition
[0.481s] [ 52%] Built target rplidar_client
[0.482s] [100%] Built target rplidar_node
[0.484s] Invoked command in '/home/orangepi/ros2_ws/build/rplidar_ros' returned '0': CMAKE_PREFIX_PATH=${CMAKE_PREFIX_PATH}:/home/orangepi/ros2_ws/install/my_robot_slam:/home/orangepi/ros2_ws/install/stm32_keyboard_control:/home/orangepi/ros2_ws/install/robot_controller:/home/orangepi/ros2_ws/install/my_robot_bringup:/opt/ros/humble /usr/bin/cmake --build /home/orangepi/ros2_ws/build/rplidar_ros -- -j8 -l8
[0.522s] Invoking command in '/home/orangepi/ros2_ws/build/rplidar_ros': CMAKE_PREFIX_PATH=${CMAKE_PREFIX_PATH}:/home/orangepi/ros2_ws/install/my_robot_slam:/home/orangepi/ros2_ws/install/stm32_keyboard_control:/home/orangepi/ros2_ws/install/robot_controller:/home/orangepi/ros2_ws/install/my_robot_bringup:/opt/ros/humble /usr/bin/cmake --install /home/orangepi/ros2_ws/build/rplidar_ros
[0.935s] -- Install configuration: ""
[0.936s] -- Up-to-date: /home/orangepi/ros2_ws/install/rplidar_ros/share/rplidar_ros/launch
[0.937s] -- Up-to-date: /home/orangepi/ros2_ws/install/rplidar_ros/share/rplidar_ros/launch/view_rplidar_a1_launch.py
[0.938s] -- Up-to-date: /home/orangepi/ros2_ws/install/rplidar_ros/share/rplidar_ros/launch/view_rplidar_a3_launch.py
[0.938s] -- Up-to-date: /home/orangepi/ros2_ws/install/rplidar_ros/share/rplidar_ros/launch/rplidar_a2m7_launch.py
[0.939s] -- Up-to-date: /home/orangepi/ros2_ws/install/rplidar_ros/share/rplidar_ros/launch/view_rplidar_t1_launch.py
[0.939s] -- Up-to-date: /home/orangepi/ros2_ws/install/rplidar_ros/share/rplidar_ros/launch/view_rplidar_s1_tcp_launch.py
[0.943s] -- Up-to-date: /home/orangepi/ros2_ws/install/rplidar_ros/share/rplidar_ros/launch/view_rplidar_s2_launch.py
[0.946s] -- Up-to-date: /home/orangepi/ros2_ws/install/rplidar_ros/share/rplidar_ros/launch/view_rplidar_a2m12_launch.py
[0.946s] -- Up-to-date: /home/orangepi/ros2_ws/install/rplidar_ros/share/rplidar_ros/launch/view_rplidar_a2m7_launch.py
[0.948s] -- Up-to-date: /home/orangepi/ros2_ws/install/rplidar_ros/share/rplidar_ros/launch/rplidar_s3_launch.py
[0.949s] -- Up-to-date: /home/orangepi/ros2_ws/install/rplidar_ros/share/rplidar_ros/launch/rplidar_a2m8_launch.py
[0.950s] -- Up-to-date: /home/orangepi/ros2_ws/install/rplidar_ros/share/rplidar_ros/launch/view_rplidar_s1_launch.py
[0.950s] -- Up-to-date: /home/orangepi/ros2_ws/install/rplidar_ros/share/rplidar_ros/launch/view_rplidar_s3_launch.py
[0.951s] -- Up-to-date: /home/orangepi/ros2_ws/install/rplidar_ros/share/rplidar_ros/launch/rplidar_c1_launch.py
[0.951s] -- Up-to-date: /home/orangepi/ros2_ws/install/rplidar_ros/share/rplidar_ros/launch/rplidar_a3_launch.py
[0.951s] -- Up-to-date: /home/orangepi/ros2_ws/install/rplidar_ros/share/rplidar_ros/launch/rplidar_s2e_launch.py
[0.952s] -- Up-to-date: /home/orangepi/ros2_ws/install/rplidar_ros/share/rplidar_ros/launch/view_rplidar_s2e_launch.py
[0.952s] -- Up-to-date: /home/orangepi/ros2_ws/install/rplidar_ros/share/rplidar_ros/launch/rplidar_t1_launch.py
[0.953s] -- Up-to-date: /home/orangepi/ros2_ws/install/rplidar_ros/share/rplidar_ros/launch/rplidar_s2_launch.py
[0.953s] -- Up-to-date: /home/orangepi/ros2_ws/install/rplidar_ros/share/rplidar_ros/launch/rplidar_s1_launch.py
[0.953s] -- Up-to-date: /home/orangepi/ros2_ws/install/rplidar_ros/share/rplidar_ros/launch/rplidar_s1_tcp_launch.py
[0.953s] -- Up-to-date: /home/orangepi/ros2_ws/install/rplidar_ros/share/rplidar_ros/launch/view_rplidar_a2m8_launch.py
[0.954s] -- Up-to-date: /home/orangepi/ros2_ws/install/rplidar_ros/share/rplidar_ros/launch/view_rplidar_c1_launch.py
[0.954s] -- Up-to-date: /home/orangepi/ros2_ws/install/rplidar_ros/share/rplidar_ros/launch/rplidar_a1_launch.py
[0.954s] -- Up-to-date: /home/orangepi/ros2_ws/install/rplidar_ros/share/rplidar_ros/launch/rplidar_a2m12_launch.py
[0.954s] -- Up-to-date: /home/orangepi/ros2_ws/install/rplidar_ros/share/rplidar_ros/rviz
[0.955s] -- Up-to-date: /home/orangepi/ros2_ws/install/rplidar_ros/share/rplidar_ros/rviz/rplidar_ros.rviz
[0.955s] -- Up-to-date: /home/orangepi/ros2_ws/install/rplidar_ros/lib/rplidar_ros/rplidar_node
[0.955s] -- Up-to-date: /home/orangepi/ros2_ws/install/rplidar_ros/lib/rplidar_ros/rplidar_composition
[0.956s] -- Up-to-date: /home/orangepi/ros2_ws/install/rplidar_ros/lib/rplidar_ros/rplidar_client
[0.957s] -- Up-to-date: /home/orangepi/ros2_ws/install/rplidar_ros/share/ament_index/resource_index/package_run_dependencies/rplidar_ros
[0.957s] -- Up-to-date: /home/orangepi/ros2_ws/install/rplidar_ros/share/ament_index/resource_index/parent_prefix_path/rplidar_ros
[0.957s] -- Up-to-date: /home/orangepi/ros2_ws/install/rplidar_ros/share/rplidar_ros/environment/ament_prefix_path.sh
[0.958s] -- Up-to-date: /home/orangepi/ros2_ws/install/rplidar_ros/share/rplidar_ros/environment/ament_prefix_path.dsv
[0.958s] -- Up-to-date: /home/orangepi/ros2_ws/install/rplidar_ros/share/rplidar_ros/environment/path.sh
[0.958s] -- Up-to-date: /home/orangepi/ros2_ws/install/rplidar_ros/share/rplidar_ros/environment/path.dsv
[0.958s] -- Up-to-date: /home/orangepi/ros2_ws/install/rplidar_ros/share/rplidar_ros/local_setup.bash
[0.959s] -- Up-to-date: /home/orangepi/ros2_ws/install/rplidar_ros/share/rplidar_ros/local_setup.sh
[0.959s] -- Up-to-date: /home/orangepi/ros2_ws/install/rplidar_ros/share/rplidar_ros/local_setup.zsh
[0.959s] -- Up-to-date: /home/orangepi/ros2_ws/install/rplidar_ros/share/rplidar_ros/local_setup.dsv
[0.959s] -- Installing: /home/orangepi/ros2_ws/install/rplidar_ros/share/rplidar_ros/package.dsv
[0.959s] -- Up-to-date: /home/orangepi/ros2_ws/install/rplidar_ros/share/ament_index/resource_index/packages/rplidar_ros
[0.960s] -- Up-to-date: /home/orangepi/ros2_ws/install/rplidar_ros/share/rplidar_ros/cmake/ament_cmake_export_dependencies-extras.cmake
[0.960s] -- Up-to-date: /home/orangepi/ros2_ws/install/rplidar_ros/share/rplidar_ros/cmake/ament_cmake_export_include_directories-extras.cmake
[0.960s] -- Up-to-date: /home/orangepi/ros2_ws/install/rplidar_ros/share/rplidar_ros/cmake/rplidar_rosConfig.cmake
[0.960s] -- Up-to-date: /home/orangepi/ros2_ws/install/rplidar_ros/share/rplidar_ros/cmake/rplidar_rosConfig-version.cmake
[0.960s] -- Up-to-date: /home/orangepi/ros2_ws/install/rplidar_ros/share/rplidar_ros/package.xml
[0.961s] Invoked command in '/home/orangepi/ros2_ws/build/rplidar_ros' returned '0': CMAKE_PREFIX_PATH=${CMAKE_PREFIX_PATH}:/home/orangepi/ros2_ws/install/my_robot_slam:/home/orangepi/ros2_ws/install/stm32_keyboard_control:/home/orangepi/ros2_ws/install/robot_controller:/home/orangepi/ros2_ws/install/my_robot_bringup:/opt/ros/humble /usr/bin/cmake --install /home/orangepi/ros2_ws/build/rplidar_ros
