[0.153s] DEBUG:colcon:Command line arguments: ['/usr/bin/colcon', 'build']
[0.153s] DEBUG:colcon:Parsed command line arguments: Namespace(log_base=None, log_level=None, verb_name='build', build_base='build', install_base='install', merge_install=False, symlink_install=False, test_result_base=None, continue_on_error=False, executor='parallel', parallel_workers=8, event_handlers=None, ignore_user_meta=False, metas=['./colcon.meta'], base_paths=['.'], packages_ignore=None, packages_ignore_regex=None, paths=None, packages_up_to=None, packages_up_to_regex=None, packages_above=None, packages_above_and_dependencies=None, packages_above_depth=None, packages_select_by_dep=None, packages_skip_by_dep=None, packages_skip_up_to=None, packages_select_build_failed=False, packages_skip_build_finished=False, packages_select_test_failures=False, packages_skip_test_passed=False, packages_select=None, packages_skip=None, packages_select_regex=None, packages_skip_regex=None, packages_start=None, packages_end=None, cmake_args=None, cmake_target=None, cmake_target_skip_unavailable=False, cmake_clean_cache=False, cmake_clean_first=False, cmake_force_configure=False, ament_cmake_args=None, catkin_cmake_args=None, catkin_skip_building_tests=False, mixin_files=None, mixin=None, verb_parser=<colcon_mixin.mixin.mixin_argument.MixinArgumentDecorator object at 0x7f9968e9b0>, verb_extension=<colcon_core.verb.build.BuildVerb object at 0x7f9984beb0>, main=<bound method BuildVerb.main of <colcon_core.verb.build.BuildVerb object at 0x7f9984beb0>>, mixin_verb=('build',))
[0.353s] Level 1:colcon.colcon_core.package_discovery:discover_packages(colcon_meta) check parameters
[0.354s] Level 1:colcon.colcon_core.package_discovery:discover_packages(recursive) check parameters
[0.354s] Level 1:colcon.colcon_core.package_discovery:discover_packages(ignore) check parameters
[0.354s] Level 1:colcon.colcon_core.package_discovery:discover_packages(path) check parameters
[0.354s] Level 1:colcon.colcon_core.package_discovery:discover_packages(colcon_meta) discover
[0.354s] Level 1:colcon.colcon_core.package_discovery:discover_packages(recursive) discover
[0.354s] INFO:colcon.colcon_core.package_discovery:Crawling recursively for packages in '/home/orangepi/ros2_ws'
[0.354s] Level 1:colcon.colcon_core.package_identification:_identify(.) by extensions ['ignore', 'ignore_ament_install']
[0.354s] Level 1:colcon.colcon_core.package_identification:_identify(.) by extension 'ignore'
[0.354s] Level 1:colcon.colcon_core.package_identification:_identify(.) by extension 'ignore_ament_install'
[0.354s] Level 1:colcon.colcon_core.package_identification:_identify(.) by extensions ['colcon_pkg']
[0.354s] Level 1:colcon.colcon_core.package_identification:_identify(.) by extension 'colcon_pkg'
[0.354s] Level 1:colcon.colcon_core.package_identification:_identify(.) by extensions ['colcon_meta']
[0.354s] Level 1:colcon.colcon_core.package_identification:_identify(.) by extension 'colcon_meta'
[0.355s] Level 1:colcon.colcon_core.package_identification:_identify(.) by extensions ['ros']
[0.355s] Level 1:colcon.colcon_core.package_identification:_identify(.) by extension 'ros'
[0.372s] Level 1:colcon.colcon_core.package_identification:_identify(.) by extensions ['cmake', 'python']
[0.373s] Level 1:colcon.colcon_core.package_identification:_identify(.) by extension 'cmake'
[0.373s] Level 1:colcon.colcon_core.package_identification:_identify(.) by extension 'python'
[0.373s] Level 1:colcon.colcon_core.package_identification:_identify(.) by extensions ['python_setup_py']
[0.373s] Level 1:colcon.colcon_core.package_identification:_identify(.) by extension 'python_setup_py'
[0.373s] Level 1:colcon.colcon_core.package_identification:_identify(build) by extensions ['ignore', 'ignore_ament_install']
[0.373s] Level 1:colcon.colcon_core.package_identification:_identify(build) by extension 'ignore'
[0.373s] Level 1:colcon.colcon_core.package_identification:_identify(build) ignored
[0.373s] Level 1:colcon.colcon_core.package_identification:_identify(install) by extensions ['ignore', 'ignore_ament_install']
[0.374s] Level 1:colcon.colcon_core.package_identification:_identify(install) by extension 'ignore'
[0.374s] Level 1:colcon.colcon_core.package_identification:_identify(install) ignored
[0.374s] Level 1:colcon.colcon_core.package_identification:_identify(log) by extensions ['ignore', 'ignore_ament_install']
[0.374s] Level 1:colcon.colcon_core.package_identification:_identify(log) by extension 'ignore'
[0.374s] Level 1:colcon.colcon_core.package_identification:_identify(log) ignored
[0.374s] Level 1:colcon.colcon_core.package_identification:_identify(src) by extensions ['ignore', 'ignore_ament_install']
[0.374s] Level 1:colcon.colcon_core.package_identification:_identify(src) by extension 'ignore'
[0.374s] Level 1:colcon.colcon_core.package_identification:_identify(src) by extension 'ignore_ament_install'
[0.374s] Level 1:colcon.colcon_core.package_identification:_identify(src) by extensions ['colcon_pkg']
[0.374s] Level 1:colcon.colcon_core.package_identification:_identify(src) by extension 'colcon_pkg'
[0.374s] Level 1:colcon.colcon_core.package_identification:_identify(src) by extensions ['colcon_meta']
[0.374s] Level 1:colcon.colcon_core.package_identification:_identify(src) by extension 'colcon_meta'
[0.374s] Level 1:colcon.colcon_core.package_identification:_identify(src) by extensions ['ros']
[0.374s] Level 1:colcon.colcon_core.package_identification:_identify(src) by extension 'ros'
[0.374s] Level 1:colcon.colcon_core.package_identification:_identify(src) by extensions ['cmake', 'python']
[0.374s] Level 1:colcon.colcon_core.package_identification:_identify(src) by extension 'cmake'
[0.374s] Level 1:colcon.colcon_core.package_identification:_identify(src) by extension 'python'
[0.375s] Level 1:colcon.colcon_core.package_identification:_identify(src) by extensions ['python_setup_py']
[0.375s] Level 1:colcon.colcon_core.package_identification:_identify(src) by extension 'python_setup_py'
[0.375s] Level 1:colcon.colcon_core.package_identification:_identify(src/my_robot_slam) by extensions ['ignore', 'ignore_ament_install']
[0.375s] Level 1:colcon.colcon_core.package_identification:_identify(src/my_robot_slam) by extension 'ignore'
[0.375s] Level 1:colcon.colcon_core.package_identification:_identify(src/my_robot_slam) by extension 'ignore_ament_install'
[0.375s] Level 1:colcon.colcon_core.package_identification:_identify(src/my_robot_slam) by extensions ['colcon_pkg']
[0.375s] Level 1:colcon.colcon_core.package_identification:_identify(src/my_robot_slam) by extension 'colcon_pkg'
[0.375s] Level 1:colcon.colcon_core.package_identification:_identify(src/my_robot_slam) by extensions ['colcon_meta']
[0.375s] Level 1:colcon.colcon_core.package_identification:_identify(src/my_robot_slam) by extension 'colcon_meta'
[0.375s] Level 1:colcon.colcon_core.package_identification:_identify(src/my_robot_slam) by extensions ['ros']
[0.375s] Level 1:colcon.colcon_core.package_identification:_identify(src/my_robot_slam) by extension 'ros'
[0.380s] DEBUG:colcon.colcon_core.package_identification:Package 'src/my_robot_slam' with type 'ros.ament_python' and name 'my_robot_slam'
[0.380s] Level 1:colcon.colcon_core.package_identification:_identify(src/robot_controller) by extensions ['ignore', 'ignore_ament_install']
[0.380s] Level 1:colcon.colcon_core.package_identification:_identify(src/robot_controller) by extension 'ignore'
[0.380s] Level 1:colcon.colcon_core.package_identification:_identify(src/robot_controller) by extension 'ignore_ament_install'
[0.380s] Level 1:colcon.colcon_core.package_identification:_identify(src/robot_controller) by extensions ['colcon_pkg']
[0.380s] Level 1:colcon.colcon_core.package_identification:_identify(src/robot_controller) by extension 'colcon_pkg'
[0.380s] Level 1:colcon.colcon_core.package_identification:_identify(src/robot_controller) by extensions ['colcon_meta']
[0.380s] Level 1:colcon.colcon_core.package_identification:_identify(src/robot_controller) by extension 'colcon_meta'
[0.380s] Level 1:colcon.colcon_core.package_identification:_identify(src/robot_controller) by extensions ['ros']
[0.380s] Level 1:colcon.colcon_core.package_identification:_identify(src/robot_controller) by extension 'ros'
[0.381s] DEBUG:colcon.colcon_core.package_identification:Package 'src/robot_controller' with type 'ros.ament_python' and name 'robot_controller'
[0.382s] Level 1:colcon.colcon_core.package_identification:_identify(src/rplidar_ros-ros2) by extensions ['ignore', 'ignore_ament_install']
[0.382s] Level 1:colcon.colcon_core.package_identification:_identify(src/rplidar_ros-ros2) by extension 'ignore'
[0.382s] Level 1:colcon.colcon_core.package_identification:_identify(src/rplidar_ros-ros2) by extension 'ignore_ament_install'
[0.382s] Level 1:colcon.colcon_core.package_identification:_identify(src/rplidar_ros-ros2) by extensions ['colcon_pkg']
[0.382s] Level 1:colcon.colcon_core.package_identification:_identify(src/rplidar_ros-ros2) by extension 'colcon_pkg'
[0.382s] Level 1:colcon.colcon_core.package_identification:_identify(src/rplidar_ros-ros2) by extensions ['colcon_meta']
[0.382s] Level 1:colcon.colcon_core.package_identification:_identify(src/rplidar_ros-ros2) by extension 'colcon_meta'
[0.382s] Level 1:colcon.colcon_core.package_identification:_identify(src/rplidar_ros-ros2) by extensions ['ros']
[0.382s] Level 1:colcon.colcon_core.package_identification:_identify(src/rplidar_ros-ros2) by extension 'ros'
[0.383s] DEBUG:colcon.colcon_core.package_identification:Package 'src/rplidar_ros-ros2' with type 'ros.ament_cmake' and name 'rplidar_ros'
[0.383s] Level 1:colcon.colcon_core.package_identification:_identify(src/stm32_keyboard_control) by extensions ['ignore', 'ignore_ament_install']
[0.383s] Level 1:colcon.colcon_core.package_identification:_identify(src/stm32_keyboard_control) by extension 'ignore'
[0.383s] Level 1:colcon.colcon_core.package_identification:_identify(src/stm32_keyboard_control) by extension 'ignore_ament_install'
[0.383s] Level 1:colcon.colcon_core.package_identification:_identify(src/stm32_keyboard_control) by extensions ['colcon_pkg']
[0.383s] Level 1:colcon.colcon_core.package_identification:_identify(src/stm32_keyboard_control) by extension 'colcon_pkg'
[0.383s] Level 1:colcon.colcon_core.package_identification:_identify(src/stm32_keyboard_control) by extensions ['colcon_meta']
[0.383s] Level 1:colcon.colcon_core.package_identification:_identify(src/stm32_keyboard_control) by extension 'colcon_meta'
[0.384s] Level 1:colcon.colcon_core.package_identification:_identify(src/stm32_keyboard_control) by extensions ['ros']
[0.384s] Level 1:colcon.colcon_core.package_identification:_identify(src/stm32_keyboard_control) by extension 'ros'
[0.385s] DEBUG:colcon.colcon_core.package_identification:Package 'src/stm32_keyboard_control' with type 'ros.ament_python' and name 'stm32_keyboard_control'
[0.385s] Level 1:colcon.colcon_core.package_discovery:discover_packages(recursive) using defaults
[0.385s] Level 1:colcon.colcon_core.package_discovery:discover_packages(ignore) discover
[0.385s] Level 1:colcon.colcon_core.package_discovery:discover_packages(ignore) using defaults
[0.385s] Level 1:colcon.colcon_core.package_discovery:discover_packages(path) discover
[0.385s] Level 1:colcon.colcon_core.package_discovery:discover_packages(path) using defaults
[0.417s] Level 5:colcon.colcon_core.verb:set package 'robot_controller' build argument 'cmake_args' from command line to 'None'
[0.418s] Level 5:colcon.colcon_core.verb:set package 'robot_controller' build argument 'cmake_target' from command line to 'None'
[0.418s] Level 5:colcon.colcon_core.verb:set package 'robot_controller' build argument 'cmake_target_skip_unavailable' from command line to 'False'
[0.418s] Level 5:colcon.colcon_core.verb:set package 'robot_controller' build argument 'cmake_clean_cache' from command line to 'False'
[0.418s] Level 5:colcon.colcon_core.verb:set package 'robot_controller' build argument 'cmake_clean_first' from command line to 'False'
[0.418s] Level 5:colcon.colcon_core.verb:set package 'robot_controller' build argument 'cmake_force_configure' from command line to 'False'
[0.418s] Level 5:colcon.colcon_core.verb:set package 'robot_controller' build argument 'ament_cmake_args' from command line to 'None'
[0.418s] Level 5:colcon.colcon_core.verb:set package 'robot_controller' build argument 'catkin_cmake_args' from command line to 'None'
[0.418s] Level 5:colcon.colcon_core.verb:set package 'robot_controller' build argument 'catkin_skip_building_tests' from command line to 'False'
[0.418s] DEBUG:colcon.colcon_core.verb:Building package 'robot_controller' with the following arguments: {'ament_cmake_args': None, 'build_base': '/home/orangepi/ros2_ws/build/robot_controller', 'catkin_cmake_args': None, 'catkin_skip_building_tests': False, 'cmake_args': None, 'cmake_clean_cache': False, 'cmake_clean_first': False, 'cmake_force_configure': False, 'cmake_target': None, 'cmake_target_skip_unavailable': False, 'install_base': '/home/orangepi/ros2_ws/install/robot_controller', 'merge_install': False, 'path': '/home/orangepi/ros2_ws/src/robot_controller', 'symlink_install': False, 'test_result_base': None}
[0.418s] Level 5:colcon.colcon_core.verb:set package 'rplidar_ros' build argument 'cmake_args' from command line to 'None'
[0.418s] Level 5:colcon.colcon_core.verb:set package 'rplidar_ros' build argument 'cmake_target' from command line to 'None'
[0.418s] Level 5:colcon.colcon_core.verb:set package 'rplidar_ros' build argument 'cmake_target_skip_unavailable' from command line to 'False'
[0.418s] Level 5:colcon.colcon_core.verb:set package 'rplidar_ros' build argument 'cmake_clean_cache' from command line to 'False'
[0.418s] Level 5:colcon.colcon_core.verb:set package 'rplidar_ros' build argument 'cmake_clean_first' from command line to 'False'
[0.418s] Level 5:colcon.colcon_core.verb:set package 'rplidar_ros' build argument 'cmake_force_configure' from command line to 'False'
[0.418s] Level 5:colcon.colcon_core.verb:set package 'rplidar_ros' build argument 'ament_cmake_args' from command line to 'None'
[0.419s] Level 5:colcon.colcon_core.verb:set package 'rplidar_ros' build argument 'catkin_cmake_args' from command line to 'None'
[0.419s] Level 5:colcon.colcon_core.verb:set package 'rplidar_ros' build argument 'catkin_skip_building_tests' from command line to 'False'
[0.419s] DEBUG:colcon.colcon_core.verb:Building package 'rplidar_ros' with the following arguments: {'ament_cmake_args': None, 'build_base': '/home/orangepi/ros2_ws/build/rplidar_ros', 'catkin_cmake_args': None, 'catkin_skip_building_tests': False, 'cmake_args': None, 'cmake_clean_cache': False, 'cmake_clean_first': False, 'cmake_force_configure': False, 'cmake_target': None, 'cmake_target_skip_unavailable': False, 'install_base': '/home/orangepi/ros2_ws/install/rplidar_ros', 'merge_install': False, 'path': '/home/orangepi/ros2_ws/src/rplidar_ros-ros2', 'symlink_install': False, 'test_result_base': None}
[0.419s] Level 5:colcon.colcon_core.verb:set package 'stm32_keyboard_control' build argument 'cmake_args' from command line to 'None'
[0.419s] Level 5:colcon.colcon_core.verb:set package 'stm32_keyboard_control' build argument 'cmake_target' from command line to 'None'
[0.419s] Level 5:colcon.colcon_core.verb:set package 'stm32_keyboard_control' build argument 'cmake_target_skip_unavailable' from command line to 'False'
[0.419s] Level 5:colcon.colcon_core.verb:set package 'stm32_keyboard_control' build argument 'cmake_clean_cache' from command line to 'False'
[0.419s] Level 5:colcon.colcon_core.verb:set package 'stm32_keyboard_control' build argument 'cmake_clean_first' from command line to 'False'
[0.419s] Level 5:colcon.colcon_core.verb:set package 'stm32_keyboard_control' build argument 'cmake_force_configure' from command line to 'False'
[0.419s] Level 5:colcon.colcon_core.verb:set package 'stm32_keyboard_control' build argument 'ament_cmake_args' from command line to 'None'
[0.419s] Level 5:colcon.colcon_core.verb:set package 'stm32_keyboard_control' build argument 'catkin_cmake_args' from command line to 'None'
[0.419s] Level 5:colcon.colcon_core.verb:set package 'stm32_keyboard_control' build argument 'catkin_skip_building_tests' from command line to 'False'
[0.419s] DEBUG:colcon.colcon_core.verb:Building package 'stm32_keyboard_control' with the following arguments: {'ament_cmake_args': None, 'build_base': '/home/orangepi/ros2_ws/build/stm32_keyboard_control', 'catkin_cmake_args': None, 'catkin_skip_building_tests': False, 'cmake_args': None, 'cmake_clean_cache': False, 'cmake_clean_first': False, 'cmake_force_configure': False, 'cmake_target': None, 'cmake_target_skip_unavailable': False, 'install_base': '/home/orangepi/ros2_ws/install/stm32_keyboard_control', 'merge_install': False, 'path': '/home/orangepi/ros2_ws/src/stm32_keyboard_control', 'symlink_install': False, 'test_result_base': None}
[0.420s] Level 5:colcon.colcon_core.verb:set package 'my_robot_slam' build argument 'cmake_args' from command line to 'None'
[0.420s] Level 5:colcon.colcon_core.verb:set package 'my_robot_slam' build argument 'cmake_target' from command line to 'None'
[0.420s] Level 5:colcon.colcon_core.verb:set package 'my_robot_slam' build argument 'cmake_target_skip_unavailable' from command line to 'False'
[0.420s] Level 5:colcon.colcon_core.verb:set package 'my_robot_slam' build argument 'cmake_clean_cache' from command line to 'False'
[0.420s] Level 5:colcon.colcon_core.verb:set package 'my_robot_slam' build argument 'cmake_clean_first' from command line to 'False'
[0.420s] Level 5:colcon.colcon_core.verb:set package 'my_robot_slam' build argument 'cmake_force_configure' from command line to 'False'
[0.420s] Level 5:colcon.colcon_core.verb:set package 'my_robot_slam' build argument 'ament_cmake_args' from command line to 'None'
[0.420s] Level 5:colcon.colcon_core.verb:set package 'my_robot_slam' build argument 'catkin_cmake_args' from command line to 'None'
[0.420s] Level 5:colcon.colcon_core.verb:set package 'my_robot_slam' build argument 'catkin_skip_building_tests' from command line to 'False'
[0.420s] DEBUG:colcon.colcon_core.verb:Building package 'my_robot_slam' with the following arguments: {'ament_cmake_args': None, 'build_base': '/home/orangepi/ros2_ws/build/my_robot_slam', 'catkin_cmake_args': None, 'catkin_skip_building_tests': False, 'cmake_args': None, 'cmake_clean_cache': False, 'cmake_clean_first': False, 'cmake_force_configure': False, 'cmake_target': None, 'cmake_target_skip_unavailable': False, 'install_base': '/home/orangepi/ros2_ws/install/my_robot_slam', 'merge_install': False, 'path': '/home/orangepi/ros2_ws/src/my_robot_slam', 'symlink_install': False, 'test_result_base': None}
[0.420s] INFO:colcon.colcon_core.executor:Executing jobs using 'parallel' executor
[0.423s] DEBUG:colcon.colcon_parallel_executor.executor.parallel:run_until_complete
[0.471s] INFO:colcon.colcon_ros.task.ament_cmake.build:Building ROS package in '/home/orangepi/ros2_ws/src/rplidar_ros-ros2' with build type 'ament_cmake'
[0.471s] INFO:colcon.colcon_cmake.task.cmake.build:Building CMake package in '/home/orangepi/ros2_ws/src/rplidar_ros-ros2'
[0.474s] INFO:colcon.colcon_core.plugin_system:Skipping extension 'colcon_core.shell.bat': Not used on non-Windows systems
[0.475s] INFO:colcon.colcon_core.shell:Skip shell extension 'powershell' for command environment: Not usable outside of PowerShell
[0.475s] DEBUG:colcon.colcon_core.shell:Skip shell extension 'dsv' for command environment
[0.481s] INFO:colcon.colcon_ros.task.ament_python.build:Building ROS package in '/home/orangepi/ros2_ws/src/stm32_keyboard_control' with build type 'ament_python'
[0.482s] Level 1:colcon.colcon_core.shell:create_environment_hook('stm32_keyboard_control', 'ament_prefix_path')
[0.482s] INFO:colcon.colcon_core.shell:Creating environment hook '/home/orangepi/ros2_ws/install/stm32_keyboard_control/share/stm32_keyboard_control/hook/ament_prefix_path.ps1'
[0.484s] INFO:colcon.colcon_core.shell:Creating environment descriptor '/home/orangepi/ros2_ws/install/stm32_keyboard_control/share/stm32_keyboard_control/hook/ament_prefix_path.dsv'
[0.485s] INFO:colcon.colcon_core.shell:Creating environment hook '/home/orangepi/ros2_ws/install/stm32_keyboard_control/share/stm32_keyboard_control/hook/ament_prefix_path.sh'
[0.486s] INFO:colcon.colcon_core.shell:Skip shell extension 'powershell' for command environment: Not usable outside of PowerShell
[0.486s] DEBUG:colcon.colcon_core.shell:Skip shell extension 'dsv' for command environment
[0.491s] INFO:colcon.colcon_ros.task.ament_python.build:Building ROS package in '/home/orangepi/ros2_ws/src/robot_controller' with build type 'ament_python'
[0.491s] Level 1:colcon.colcon_core.shell:create_environment_hook('robot_controller', 'ament_prefix_path')
[0.492s] INFO:colcon.colcon_core.shell:Creating environment hook '/home/orangepi/ros2_ws/install/robot_controller/share/robot_controller/hook/ament_prefix_path.ps1'
[0.493s] INFO:colcon.colcon_core.shell:Creating environment descriptor '/home/orangepi/ros2_ws/install/robot_controller/share/robot_controller/hook/ament_prefix_path.dsv'
[0.496s] INFO:colcon.colcon_core.shell:Creating environment hook '/home/orangepi/ros2_ws/install/robot_controller/share/robot_controller/hook/ament_prefix_path.sh'
[0.497s] INFO:colcon.colcon_core.shell:Skip shell extension 'powershell' for command environment: Not usable outside of PowerShell
[0.497s] DEBUG:colcon.colcon_core.shell:Skip shell extension 'dsv' for command environment
[0.514s] DEBUG:colcon.colcon_core.event_handler.log_command:Invoking command in '/home/orangepi/ros2_ws/build/rplidar_ros': CMAKE_PREFIX_PATH=${CMAKE_PREFIX_PATH}:/home/orangepi/ros2_ws/install/my_robot_slam:/home/orangepi/ros2_ws/install/stm32_keyboard_control:/home/orangepi/ros2_ws/install/robot_controller:/home/orangepi/ros2_ws/install/my_robot_bringup:/opt/ros/humble /usr/bin/cmake --build /home/orangepi/ros2_ws/build/rplidar_ros -- -j8 -l8
[0.944s] INFO:colcon.colcon_core.task.python.build:Building Python package in '/home/orangepi/ros2_ws/src/stm32_keyboard_control'
[0.945s] INFO:colcon.colcon_core.shell:Skip shell extension 'powershell' for command environment: Not usable outside of PowerShell
[0.945s] DEBUG:colcon.colcon_core.shell:Skip shell extension 'dsv' for command environment
[0.955s] DEBUG:colcon.colcon_core.event_handler.log_command:Invoked command in '/home/orangepi/ros2_ws/build/rplidar_ros' returned '0': CMAKE_PREFIX_PATH=${CMAKE_PREFIX_PATH}:/home/orangepi/ros2_ws/install/my_robot_slam:/home/orangepi/ros2_ws/install/stm32_keyboard_control:/home/orangepi/ros2_ws/install/robot_controller:/home/orangepi/ros2_ws/install/my_robot_bringup:/opt/ros/humble /usr/bin/cmake --build /home/orangepi/ros2_ws/build/rplidar_ros -- -j8 -l8
[0.995s] DEBUG:colcon.colcon_core.event_handler.log_command:Invoking command in '/home/orangepi/ros2_ws/build/rplidar_ros': CMAKE_PREFIX_PATH=${CMAKE_PREFIX_PATH}:/home/orangepi/ros2_ws/install/my_robot_slam:/home/orangepi/ros2_ws/install/stm32_keyboard_control:/home/orangepi/ros2_ws/install/robot_controller:/home/orangepi/ros2_ws/install/my_robot_bringup:/opt/ros/humble /usr/bin/cmake --install /home/orangepi/ros2_ws/build/rplidar_ros
[1.394s] INFO:colcon.colcon_core.task.python.build:Building Python package in '/home/orangepi/ros2_ws/src/robot_controller'
[1.395s] INFO:colcon.colcon_core.shell:Skip shell extension 'powershell' for command environment: Not usable outside of PowerShell
[1.396s] DEBUG:colcon.colcon_core.shell:Skip shell extension 'dsv' for command environment
[1.420s] Level 1:colcon.colcon_core.environment:create_environment_scripts_only(rplidar_ros)
[1.428s] Level 1:colcon.colcon_core.environment:checking '/home/orangepi/ros2_ws/install/rplidar_ros' for CMake module files
[1.430s] Level 1:colcon.colcon_core.environment:checking '/home/orangepi/ros2_ws/install/rplidar_ros' for CMake config files
[1.433s] DEBUG:colcon.colcon_core.event_handler.log_command:Invoked command in '/home/orangepi/ros2_ws/build/rplidar_ros' returned '0': CMAKE_PREFIX_PATH=${CMAKE_PREFIX_PATH}:/home/orangepi/ros2_ws/install/my_robot_slam:/home/orangepi/ros2_ws/install/stm32_keyboard_control:/home/orangepi/ros2_ws/install/robot_controller:/home/orangepi/ros2_ws/install/my_robot_bringup:/opt/ros/humble /usr/bin/cmake --install /home/orangepi/ros2_ws/build/rplidar_ros
[1.433s] Level 1:colcon.colcon_core.shell:create_environment_hook('rplidar_ros', 'cmake_prefix_path')
[1.434s] INFO:colcon.colcon_core.shell:Creating environment hook '/home/orangepi/ros2_ws/install/rplidar_ros/share/rplidar_ros/hook/cmake_prefix_path.ps1'
[1.435s] INFO:colcon.colcon_core.shell:Creating environment descriptor '/home/orangepi/ros2_ws/install/rplidar_ros/share/rplidar_ros/hook/cmake_prefix_path.dsv'
[1.436s] INFO:colcon.colcon_core.shell:Creating environment hook '/home/orangepi/ros2_ws/install/rplidar_ros/share/rplidar_ros/hook/cmake_prefix_path.sh'
[1.438s] Level 1:colcon.colcon_core.environment:checking '/home/orangepi/ros2_ws/install/rplidar_ros/lib'
[1.438s] Level 1:colcon.colcon_core.environment:checking '/home/orangepi/ros2_ws/install/rplidar_ros/bin'
[1.438s] Level 1:colcon.colcon_core.environment:checking '/home/orangepi/ros2_ws/install/rplidar_ros/lib/pkgconfig/rplidar_ros.pc'
[1.439s] Level 1:colcon.colcon_core.environment:checking '/home/orangepi/ros2_ws/install/rplidar_ros/lib/python3.10/site-packages'
[1.440s] Level 1:colcon.colcon_core.environment:checking '/home/orangepi/ros2_ws/install/rplidar_ros/bin'
[1.441s] INFO:colcon.colcon_core.shell:Creating package script '/home/orangepi/ros2_ws/install/rplidar_ros/share/rplidar_ros/package.ps1'
[1.443s] INFO:colcon.colcon_core.shell:Creating package descriptor '/home/orangepi/ros2_ws/install/rplidar_ros/share/rplidar_ros/package.dsv'
[1.444s] INFO:colcon.colcon_core.shell:Creating package script '/home/orangepi/ros2_ws/install/rplidar_ros/share/rplidar_ros/package.sh'
[1.445s] INFO:colcon.colcon_core.shell:Creating package script '/home/orangepi/ros2_ws/install/rplidar_ros/share/rplidar_ros/package.bash'
[1.447s] INFO:colcon.colcon_core.shell:Creating package script '/home/orangepi/ros2_ws/install/rplidar_ros/share/rplidar_ros/package.zsh'
[1.449s] Level 1:colcon.colcon_core.environment:create_file_with_runtime_dependencies(/home/orangepi/ros2_ws/install/rplidar_ros/share/colcon-core/packages/rplidar_ros)
[1.452s] Level 1:colcon.colcon_core.environment:create_environment_scripts_only(rplidar_ros)
[1.453s] Level 1:colcon.colcon_core.environment:checking '/home/orangepi/ros2_ws/install/rplidar_ros' for CMake module files
[1.454s] Level 1:colcon.colcon_core.environment:checking '/home/orangepi/ros2_ws/install/rplidar_ros' for CMake config files
[1.454s] Level 1:colcon.colcon_core.shell:create_environment_hook('rplidar_ros', 'cmake_prefix_path')
[1.454s] INFO:colcon.colcon_core.shell:Creating environment hook '/home/orangepi/ros2_ws/install/rplidar_ros/share/rplidar_ros/hook/cmake_prefix_path.ps1'
[1.455s] INFO:colcon.colcon_core.shell:Creating environment descriptor '/home/orangepi/ros2_ws/install/rplidar_ros/share/rplidar_ros/hook/cmake_prefix_path.dsv'
[1.456s] INFO:colcon.colcon_core.shell:Creating environment hook '/home/orangepi/ros2_ws/install/rplidar_ros/share/rplidar_ros/hook/cmake_prefix_path.sh'
[1.457s] Level 1:colcon.colcon_core.environment:checking '/home/orangepi/ros2_ws/install/rplidar_ros/lib'
[1.457s] Level 1:colcon.colcon_core.environment:checking '/home/orangepi/ros2_ws/install/rplidar_ros/bin'
[1.457s] Level 1:colcon.colcon_core.environment:checking '/home/orangepi/ros2_ws/install/rplidar_ros/lib/pkgconfig/rplidar_ros.pc'
[1.458s] Level 1:colcon.colcon_core.environment:checking '/home/orangepi/ros2_ws/install/rplidar_ros/lib/python3.10/site-packages'
[1.458s] Level 1:colcon.colcon_core.environment:checking '/home/orangepi/ros2_ws/install/rplidar_ros/bin'
[1.459s] INFO:colcon.colcon_core.shell:Creating package script '/home/orangepi/ros2_ws/install/rplidar_ros/share/rplidar_ros/package.ps1'
[1.460s] INFO:colcon.colcon_core.shell:Creating package descriptor '/home/orangepi/ros2_ws/install/rplidar_ros/share/rplidar_ros/package.dsv'
[1.460s] INFO:colcon.colcon_core.shell:Creating package script '/home/orangepi/ros2_ws/install/rplidar_ros/share/rplidar_ros/package.sh'
[1.461s] INFO:colcon.colcon_core.shell:Creating package script '/home/orangepi/ros2_ws/install/rplidar_ros/share/rplidar_ros/package.bash'
[1.462s] INFO:colcon.colcon_core.shell:Creating package script '/home/orangepi/ros2_ws/install/rplidar_ros/share/rplidar_ros/package.zsh'
[1.463s] Level 1:colcon.colcon_core.environment:create_file_with_runtime_dependencies(/home/orangepi/ros2_ws/install/rplidar_ros/share/colcon-core/packages/rplidar_ros)
[1.995s] DEBUG:colcon.colcon_core.event_handler.log_command:Invoking command in '/home/orangepi/ros2_ws/src/stm32_keyboard_control': PYTHONPATH=/home/orangepi/ros2_ws/build/stm32_keyboard_control/prefix_override:/usr/lib/python3/dist-packages/colcon_core/task/python/colcon_distutils_commands:/home/orangepi/ros2_ws/install/stm32_keyboard_control/lib/python3.10/site-packages:${PYTHONPATH} /usr/bin/python3 -W ignore:setup.py install is deprecated -W ignore:easy_install command is deprecated setup.py egg_info --egg-base ../../build/stm32_keyboard_control build --build-base /home/orangepi/ros2_ws/build/stm32_keyboard_control/build install --record /home/orangepi/ros2_ws/build/stm32_keyboard_control/install.log --single-version-externally-managed install_data
[2.023s] DEBUG:colcon.colcon_core.event_handler.log_command:Invoking command in '/home/orangepi/ros2_ws/src/robot_controller': PYTHONPATH=/home/orangepi/ros2_ws/build/robot_controller/prefix_override:/usr/lib/python3/dist-packages/colcon_core/task/python/colcon_distutils_commands:/home/orangepi/ros2_ws/install/robot_controller/lib/python3.10/site-packages:${PYTHONPATH} /usr/bin/python3 -W ignore:setup.py install is deprecated -W ignore:easy_install command is deprecated setup.py egg_info --egg-base ../../build/robot_controller build --build-base /home/orangepi/ros2_ws/build/robot_controller/build install --record /home/orangepi/ros2_ws/build/robot_controller/install.log --single-version-externally-managed install_data
[2.473s] Level 1:colcon.colcon_core.environment:checking '/home/orangepi/ros2_ws/install/stm32_keyboard_control' for CMake module files
[2.477s] DEBUG:colcon.colcon_core.event_handler.log_command:Invoked command in '/home/orangepi/ros2_ws/src/stm32_keyboard_control' returned '0': PYTHONPATH=/home/orangepi/ros2_ws/build/stm32_keyboard_control/prefix_override:/usr/lib/python3/dist-packages/colcon_core/task/python/colcon_distutils_commands:/home/orangepi/ros2_ws/install/stm32_keyboard_control/lib/python3.10/site-packages:${PYTHONPATH} /usr/bin/python3 -W ignore:setup.py install is deprecated -W ignore:easy_install command is deprecated setup.py egg_info --egg-base ../../build/stm32_keyboard_control build --build-base /home/orangepi/ros2_ws/build/stm32_keyboard_control/build install --record /home/orangepi/ros2_ws/build/stm32_keyboard_control/install.log --single-version-externally-managed install_data
[2.479s] Level 1:colcon.colcon_core.environment:checking '/home/orangepi/ros2_ws/install/stm32_keyboard_control' for CMake config files
[2.482s] Level 1:colcon.colcon_core.environment:checking '/home/orangepi/ros2_ws/install/stm32_keyboard_control/lib'
[2.483s] Level 1:colcon.colcon_core.environment:checking '/home/orangepi/ros2_ws/install/stm32_keyboard_control/bin'
[2.483s] Level 1:colcon.colcon_core.environment:checking '/home/orangepi/ros2_ws/install/stm32_keyboard_control/lib/pkgconfig/stm32_keyboard_control.pc'
[2.485s] Level 1:colcon.colcon_core.environment:checking '/home/orangepi/ros2_ws/install/stm32_keyboard_control/lib/python3.10/site-packages'
[2.485s] Level 1:colcon.colcon_core.shell:create_environment_hook('stm32_keyboard_control', 'pythonpath')
[2.487s] INFO:colcon.colcon_core.shell:Creating environment hook '/home/orangepi/ros2_ws/install/stm32_keyboard_control/share/stm32_keyboard_control/hook/pythonpath.ps1'
[2.490s] INFO:colcon.colcon_core.shell:Creating environment descriptor '/home/orangepi/ros2_ws/install/stm32_keyboard_control/share/stm32_keyboard_control/hook/pythonpath.dsv'
[2.492s] INFO:colcon.colcon_core.shell:Creating environment hook '/home/orangepi/ros2_ws/install/stm32_keyboard_control/share/stm32_keyboard_control/hook/pythonpath.sh'
[2.496s] Level 1:colcon.colcon_core.environment:checking '/home/orangepi/ros2_ws/install/stm32_keyboard_control/bin'
[2.497s] Level 1:colcon.colcon_core.environment:create_environment_scripts_only(stm32_keyboard_control)
[2.499s] INFO:colcon.colcon_core.shell:Creating package script '/home/orangepi/ros2_ws/install/stm32_keyboard_control/share/stm32_keyboard_control/package.ps1'
[2.503s] INFO:colcon.colcon_core.shell:Creating package descriptor '/home/orangepi/ros2_ws/install/stm32_keyboard_control/share/stm32_keyboard_control/package.dsv'
[2.505s] INFO:colcon.colcon_core.shell:Creating package script '/home/orangepi/ros2_ws/install/stm32_keyboard_control/share/stm32_keyboard_control/package.sh'
[2.507s] INFO:colcon.colcon_core.shell:Creating package script '/home/orangepi/ros2_ws/install/stm32_keyboard_control/share/stm32_keyboard_control/package.bash'
[2.508s] INFO:colcon.colcon_core.shell:Creating package script '/home/orangepi/ros2_ws/install/stm32_keyboard_control/share/stm32_keyboard_control/package.zsh'
[2.510s] Level 1:colcon.colcon_core.environment:create_file_with_runtime_dependencies(/home/orangepi/ros2_ws/install/stm32_keyboard_control/share/colcon-core/packages/stm32_keyboard_control)
[2.512s] INFO:colcon.colcon_ros.task.ament_python.build:Building ROS package in '/home/orangepi/ros2_ws/src/my_robot_slam' with build type 'ament_python'
[2.512s] Level 1:colcon.colcon_core.shell:create_environment_hook('my_robot_slam', 'ament_prefix_path')
[2.514s] INFO:colcon.colcon_core.shell:Creating environment hook '/home/orangepi/ros2_ws/install/my_robot_slam/share/my_robot_slam/hook/ament_prefix_path.ps1'
[2.516s] INFO:colcon.colcon_core.shell:Creating environment descriptor '/home/orangepi/ros2_ws/install/my_robot_slam/share/my_robot_slam/hook/ament_prefix_path.dsv'
[2.518s] INFO:colcon.colcon_core.shell:Creating environment hook '/home/orangepi/ros2_ws/install/my_robot_slam/share/my_robot_slam/hook/ament_prefix_path.sh'
[2.522s] INFO:colcon.colcon_core.shell:Skip shell extension 'powershell' for command environment: Not usable outside of PowerShell
[2.523s] DEBUG:colcon.colcon_core.shell:Skip shell extension 'dsv' for command environment
[2.541s] Level 1:colcon.colcon_core.environment:checking '/home/orangepi/ros2_ws/install/robot_controller' for CMake module files
[2.543s] DEBUG:colcon.colcon_core.event_handler.log_command:Invoked command in '/home/orangepi/ros2_ws/src/robot_controller' returned '0': PYTHONPATH=/home/orangepi/ros2_ws/build/robot_controller/prefix_override:/usr/lib/python3/dist-packages/colcon_core/task/python/colcon_distutils_commands:/home/orangepi/ros2_ws/install/robot_controller/lib/python3.10/site-packages:${PYTHONPATH} /usr/bin/python3 -W ignore:setup.py install is deprecated -W ignore:easy_install command is deprecated setup.py egg_info --egg-base ../../build/robot_controller build --build-base /home/orangepi/ros2_ws/build/robot_controller/build install --record /home/orangepi/ros2_ws/build/robot_controller/install.log --single-version-externally-managed install_data
[2.543s] Level 1:colcon.colcon_core.environment:checking '/home/orangepi/ros2_ws/install/robot_controller' for CMake config files
[2.544s] Level 1:colcon.colcon_core.environment:checking '/home/orangepi/ros2_ws/install/robot_controller/lib'
[2.545s] Level 1:colcon.colcon_core.environment:checking '/home/orangepi/ros2_ws/install/robot_controller/bin'
[2.545s] Level 1:colcon.colcon_core.environment:checking '/home/orangepi/ros2_ws/install/robot_controller/lib/pkgconfig/robot_controller.pc'
[2.546s] Level 1:colcon.colcon_core.environment:checking '/home/orangepi/ros2_ws/install/robot_controller/lib/python3.10/site-packages'
[2.546s] Level 1:colcon.colcon_core.shell:create_environment_hook('robot_controller', 'pythonpath')
[2.547s] INFO:colcon.colcon_core.shell:Creating environment hook '/home/orangepi/ros2_ws/install/robot_controller/share/robot_controller/hook/pythonpath.ps1'
[2.549s] INFO:colcon.colcon_core.shell:Creating environment descriptor '/home/orangepi/ros2_ws/install/robot_controller/share/robot_controller/hook/pythonpath.dsv'
[2.551s] INFO:colcon.colcon_core.shell:Creating environment hook '/home/orangepi/ros2_ws/install/robot_controller/share/robot_controller/hook/pythonpath.sh'
[2.554s] Level 1:colcon.colcon_core.environment:checking '/home/orangepi/ros2_ws/install/robot_controller/bin'
[2.554s] Level 1:colcon.colcon_core.environment:create_environment_scripts_only(robot_controller)
[2.555s] INFO:colcon.colcon_core.shell:Creating package script '/home/orangepi/ros2_ws/install/robot_controller/share/robot_controller/package.ps1'
[2.557s] INFO:colcon.colcon_core.shell:Creating package descriptor '/home/orangepi/ros2_ws/install/robot_controller/share/robot_controller/package.dsv'
[2.559s] INFO:colcon.colcon_core.shell:Creating package script '/home/orangepi/ros2_ws/install/robot_controller/share/robot_controller/package.sh'
[2.560s] INFO:colcon.colcon_core.shell:Creating package script '/home/orangepi/ros2_ws/install/robot_controller/share/robot_controller/package.bash'
[2.562s] INFO:colcon.colcon_core.shell:Creating package script '/home/orangepi/ros2_ws/install/robot_controller/share/robot_controller/package.zsh'
[2.563s] Level 1:colcon.colcon_core.environment:create_file_with_runtime_dependencies(/home/orangepi/ros2_ws/install/robot_controller/share/colcon-core/packages/robot_controller)
[3.019s] INFO:colcon.colcon_core.task.python.build:Building Python package in '/home/orangepi/ros2_ws/src/my_robot_slam'
[3.020s] INFO:colcon.colcon_core.shell:Skip shell extension 'powershell' for command environment: Not usable outside of PowerShell
[3.021s] DEBUG:colcon.colcon_core.shell:Skip shell extension 'dsv' for command environment
[3.593s] DEBUG:colcon.colcon_core.event_handler.log_command:Invoking command in '/home/orangepi/ros2_ws/src/my_robot_slam': AMENT_PREFIX_PATH=/home/orangepi/ros2_ws/install/stm32_keyboard_control:/home/orangepi/ros2_ws/install/my_robot_slam:/home/orangepi/ros2_ws/install/rplidar_ros:/home/orangepi/ros2_ws/install/robot_controller:/home/orangepi/ros2_ws/install/my_robot_bringup:/opt/ros/humble PYTHONPATH=/home/orangepi/ros2_ws/build/my_robot_slam/prefix_override:/usr/lib/python3/dist-packages/colcon_core/task/python/colcon_distutils_commands:/home/orangepi/ros2_ws/install/my_robot_slam/lib/python3.10/site-packages:/home/orangepi/ros2_ws/install/stm32_keyboard_control/lib/python3.10/site-packages:/home/orangepi/ros2_ws/install/my_robot_slam/lib/python3.10/site-packages:/home/orangepi/ros2_ws/install/robot_controller/lib/python3.10/site-packages:/home/orangepi/ros2_ws/install/my_robot_bringup/lib/python3.10/site-packages:/opt/ros/humble/lib/python3.10/site-packages:/opt/ros/humble/local/lib/python3.10/dist-packages /usr/bin/python3 -W ignore:setup.py install is deprecated -W ignore:easy_install command is deprecated setup.py egg_info --egg-base ../../build/my_robot_slam build --build-base /home/orangepi/ros2_ws/build/my_robot_slam/build install --record /home/orangepi/ros2_ws/build/my_robot_slam/install.log --single-version-externally-managed install_data
[4.008s] Level 1:colcon.colcon_core.environment:checking '/home/orangepi/ros2_ws/install/my_robot_slam' for CMake module files
[4.011s] DEBUG:colcon.colcon_core.event_handler.log_command:Invoked command in '/home/orangepi/ros2_ws/src/my_robot_slam' returned '0': AMENT_PREFIX_PATH=/home/orangepi/ros2_ws/install/stm32_keyboard_control:/home/orangepi/ros2_ws/install/my_robot_slam:/home/orangepi/ros2_ws/install/rplidar_ros:/home/orangepi/ros2_ws/install/robot_controller:/home/orangepi/ros2_ws/install/my_robot_bringup:/opt/ros/humble PYTHONPATH=/home/orangepi/ros2_ws/build/my_robot_slam/prefix_override:/usr/lib/python3/dist-packages/colcon_core/task/python/colcon_distutils_commands:/home/orangepi/ros2_ws/install/my_robot_slam/lib/python3.10/site-packages:/home/orangepi/ros2_ws/install/stm32_keyboard_control/lib/python3.10/site-packages:/home/orangepi/ros2_ws/install/my_robot_slam/lib/python3.10/site-packages:/home/orangepi/ros2_ws/install/robot_controller/lib/python3.10/site-packages:/home/orangepi/ros2_ws/install/my_robot_bringup/lib/python3.10/site-packages:/opt/ros/humble/lib/python3.10/site-packages:/opt/ros/humble/local/lib/python3.10/dist-packages /usr/bin/python3 -W ignore:setup.py install is deprecated -W ignore:easy_install command is deprecated setup.py egg_info --egg-base ../../build/my_robot_slam build --build-base /home/orangepi/ros2_ws/build/my_robot_slam/build install --record /home/orangepi/ros2_ws/build/my_robot_slam/install.log --single-version-externally-managed install_data
[4.012s] Level 1:colcon.colcon_core.environment:checking '/home/orangepi/ros2_ws/install/my_robot_slam' for CMake config files
[4.014s] Level 1:colcon.colcon_core.environment:checking '/home/orangepi/ros2_ws/install/my_robot_slam/lib'
[4.014s] Level 1:colcon.colcon_core.environment:checking '/home/orangepi/ros2_ws/install/my_robot_slam/bin'
[4.015s] Level 1:colcon.colcon_core.environment:checking '/home/orangepi/ros2_ws/install/my_robot_slam/lib/pkgconfig/my_robot_slam.pc'
[4.016s] Level 1:colcon.colcon_core.environment:checking '/home/orangepi/ros2_ws/install/my_robot_slam/lib/python3.10/site-packages'
[4.016s] Level 1:colcon.colcon_core.shell:create_environment_hook('my_robot_slam', 'pythonpath')
[4.017s] INFO:colcon.colcon_core.shell:Creating environment hook '/home/orangepi/ros2_ws/install/my_robot_slam/share/my_robot_slam/hook/pythonpath.ps1'
[4.019s] INFO:colcon.colcon_core.shell:Creating environment descriptor '/home/orangepi/ros2_ws/install/my_robot_slam/share/my_robot_slam/hook/pythonpath.dsv'
[4.020s] INFO:colcon.colcon_core.shell:Creating environment hook '/home/orangepi/ros2_ws/install/my_robot_slam/share/my_robot_slam/hook/pythonpath.sh'
[4.023s] Level 1:colcon.colcon_core.environment:checking '/home/orangepi/ros2_ws/install/my_robot_slam/bin'
[4.024s] Level 1:colcon.colcon_core.environment:create_environment_scripts_only(my_robot_slam)
[4.025s] INFO:colcon.colcon_core.shell:Creating package script '/home/orangepi/ros2_ws/install/my_robot_slam/share/my_robot_slam/package.ps1'
[4.027s] INFO:colcon.colcon_core.shell:Creating package descriptor '/home/orangepi/ros2_ws/install/my_robot_slam/share/my_robot_slam/package.dsv'
[4.029s] INFO:colcon.colcon_core.shell:Creating package script '/home/orangepi/ros2_ws/install/my_robot_slam/share/my_robot_slam/package.sh'
[4.031s] INFO:colcon.colcon_core.shell:Creating package script '/home/orangepi/ros2_ws/install/my_robot_slam/share/my_robot_slam/package.bash'
[4.032s] INFO:colcon.colcon_core.shell:Creating package script '/home/orangepi/ros2_ws/install/my_robot_slam/share/my_robot_slam/package.zsh'
[4.035s] Level 1:colcon.colcon_core.environment:create_file_with_runtime_dependencies(/home/orangepi/ros2_ws/install/my_robot_slam/share/colcon-core/packages/my_robot_slam)
[4.036s] DEBUG:colcon.colcon_parallel_executor.executor.parallel:closing loop
[4.037s] DEBUG:colcon.colcon_parallel_executor.executor.parallel:loop closed
[4.037s] DEBUG:colcon.colcon_parallel_executor.executor.parallel:run_until_complete finished with '0'
[4.038s] DEBUG:colcon.colcon_core.event_reactor:joining thread
[4.060s] INFO:colcon.colcon_core.plugin_system:Skipping extension 'colcon_notification.desktop_notification.terminal_notifier': Not used on non-Darwin systems
[4.061s] INFO:colcon.colcon_core.plugin_system:Skipping extension 'colcon_notification.desktop_notification.win32': Not used on non-Windows systems
[4.061s] INFO:colcon.colcon_notification.desktop_notification:Sending desktop notification using 'notify2'
[4.074s] DEBUG:colcon.colcon_core.event_reactor:joined thread
[4.076s] INFO:colcon.colcon_core.shell:Creating prefix script '/home/orangepi/ros2_ws/install/local_setup.ps1'
[4.081s] INFO:colcon.colcon_core.shell:Creating prefix util module '/home/orangepi/ros2_ws/install/_local_setup_util_ps1.py'
[4.089s] INFO:colcon.colcon_core.shell:Creating prefix chain script '/home/orangepi/ros2_ws/install/setup.ps1'
[4.094s] INFO:colcon.colcon_core.shell:Creating prefix script '/home/orangepi/ros2_ws/install/local_setup.sh'
[4.097s] INFO:colcon.colcon_core.shell:Creating prefix util module '/home/orangepi/ros2_ws/install/_local_setup_util_sh.py'
[4.101s] INFO:colcon.colcon_core.shell:Creating prefix chain script '/home/orangepi/ros2_ws/install/setup.sh'
[4.107s] INFO:colcon.colcon_core.shell:Creating prefix script '/home/orangepi/ros2_ws/install/local_setup.bash'
[4.110s] INFO:colcon.colcon_core.shell:Creating prefix chain script '/home/orangepi/ros2_ws/install/setup.bash'
[4.115s] INFO:colcon.colcon_core.shell:Creating prefix script '/home/orangepi/ros2_ws/install/local_setup.zsh'
[4.118s] INFO:colcon.colcon_core.shell:Creating prefix chain script '/home/orangepi/ros2_ws/install/setup.zsh'
