[1.673s] Invoking command in '/home/orangepi/ros2_ws/src/stm32_keyboard_control': PYTHONPATH=/home/orangepi/ros2_ws/build/stm32_keyboard_control/prefix_override:/usr/lib/python3/dist-packages/colcon_core/task/python/colcon_distutils_commands:/home/orangepi/ros2_ws/install/stm32_keyboard_control/lib/python3.10/site-packages:${PYTHONPATH} /usr/bin/python3 -W ignore:setup.py install is deprecated -W ignore:easy_install command is deprecated setup.py egg_info --egg-base ../../build/stm32_keyboard_control build --build-base /home/orangepi/ros2_ws/build/stm32_keyboard_control/build install --record /home/orangepi/ros2_ws/build/stm32_keyboard_control/install.log --single-version-externally-managed install_data
[2.010s] running egg_info
[2.012s] writing ../../build/stm32_keyboard_control/stm32_keyboard_control.egg-info/PKG-INFO
[2.013s] writing dependency_links to ../../build/stm32_keyboard_control/stm32_keyboard_control.egg-info/dependency_links.txt
[2.014s] writing entry points to ../../build/stm32_keyboard_control/stm32_keyboard_control.egg-info/entry_points.txt
[2.014s] writing requirements to ../../build/stm32_keyboard_control/stm32_keyboard_control.egg-info/requires.txt
[2.015s] writing top-level names to ../../build/stm32_keyboard_control/stm32_keyboard_control.egg-info/top_level.txt
[2.020s] reading manifest file '../../build/stm32_keyboard_control/stm32_keyboard_control.egg-info/SOURCES.txt'
[2.022s] writing manifest file '../../build/stm32_keyboard_control/stm32_keyboard_control.egg-info/SOURCES.txt'
[2.022s] running build
[2.023s] running build_py
[2.023s] copying stm32_keyboard_control/keyboard_control_node.py -> /home/orangepi/ros2_ws/build/stm32_keyboard_control/build/lib/stm32_keyboard_control
[2.023s] running install
[2.024s] running install_lib
[2.024s] copying /home/orangepi/ros2_ws/build/stm32_keyboard_control/build/lib/stm32_keyboard_control/keyboard_control_node.py -> /home/orangepi/ros2_ws/install/stm32_keyboard_control/lib/python3.10/site-packages/stm32_keyboard_control
[2.025s] byte-compiling /home/orangepi/ros2_ws/install/stm32_keyboard_control/lib/python3.10/site-packages/stm32_keyboard_control/keyboard_control_node.py to keyboard_control_node.cpython-310.pyc
[2.033s] running install_data
[2.034s] running install_egg_info
[2.038s] removing '/home/orangepi/ros2_ws/install/stm32_keyboard_control/lib/python3.10/site-packages/stm32_keyboard_control-0.0.0-py3.10.egg-info' (and everything under it)
[2.038s] Copying ../../build/stm32_keyboard_control/stm32_keyboard_control.egg-info to /home/orangepi/ros2_ws/install/stm32_keyboard_control/lib/python3.10/site-packages/stm32_keyboard_control-0.0.0-py3.10.egg-info
[2.039s] running install_scripts
[2.080s] Installing keyboard_control_node script to /home/orangepi/ros2_ws/install/stm32_keyboard_control/lib/stm32_keyboard_control
[2.081s] writing list of installed files to '/home/orangepi/ros2_ws/build/stm32_keyboard_control/install.log'
[2.195s] Invoked command in '/home/orangepi/ros2_ws/src/stm32_keyboard_control' returned '0': PYTHONPATH=/home/orangepi/ros2_ws/build/stm32_keyboard_control/prefix_override:/usr/lib/python3/dist-packages/colcon_core/task/python/colcon_distutils_commands:/home/orangepi/ros2_ws/install/stm32_keyboard_control/lib/python3.10/site-packages:${PYTHONPATH} /usr/bin/python3 -W ignore:setup.py install is deprecated -W ignore:easy_install command is deprecated setup.py egg_info --egg-base ../../build/stm32_keyboard_control build --build-base /home/orangepi/ros2_ws/build/stm32_keyboard_control/build install --record /home/orangepi/ros2_ws/build/stm32_keyboard_control/install.log --single-version-externally-managed install_data
