[1.892s] Invoking command in '/home/orangepi/ros2_ws/src/my_robot_bringup': PYTHONPATH=/home/orangepi/ros2_ws/build/my_robot_bringup/prefix_override:/usr/lib/python3/dist-packages/colcon_core/task/python/colcon_distutils_commands:/home/orangepi/ros2_ws/install/my_robot_bringup/lib/python3.10/site-packages:${PYTHONPATH} /usr/bin/python3 -W ignore:setup.py install is deprecated -W ignore:easy_install command is deprecated setup.py egg_info --egg-base ../../build/my_robot_bringup build --build-base /home/orangepi/ros2_ws/build/my_robot_bringup/build install --record /home/orangepi/ros2_ws/build/my_robot_bringup/install.log --single-version-externally-managed install_data
[2.247s] running egg_info
[2.248s] creating ../../build/my_robot_bringup/my_robot_bringup.egg-info
[2.249s] writing ../../build/my_robot_bringup/my_robot_bringup.egg-info/PKG-INFO
[2.250s] writing dependency_links to ../../build/my_robot_bringup/my_robot_bringup.egg-info/dependency_links.txt
[2.250s] writing entry points to ../../build/my_robot_bringup/my_robot_bringup.egg-info/entry_points.txt
[2.251s] writing requirements to ../../build/my_robot_bringup/my_robot_bringup.egg-info/requires.txt
[2.251s] writing top-level names to ../../build/my_robot_bringup/my_robot_bringup.egg-info/top_level.txt
[2.251s] writing manifest file '../../build/my_robot_bringup/my_robot_bringup.egg-info/SOURCES.txt'
[2.254s] reading manifest file '../../build/my_robot_bringup/my_robot_bringup.egg-info/SOURCES.txt'
[2.258s] writing manifest file '../../build/my_robot_bringup/my_robot_bringup.egg-info/SOURCES.txt'
[2.259s] running build
[2.259s] running build_py
[2.261s] creating /home/orangepi/ros2_ws/build/my_robot_bringup/build
[2.262s] creating /home/orangepi/ros2_ws/build/my_robot_bringup/build/lib
[2.262s] creating /home/orangepi/ros2_ws/build/my_robot_bringup/build/lib/my_robot_bringup
[2.263s] copying my_robot_bringup/__init__.py -> /home/orangepi/ros2_ws/build/my_robot_bringup/build/lib/my_robot_bringup
[2.263s] running install
[2.264s] running install_lib
[2.264s] creating /home/orangepi/ros2_ws/install/my_robot_bringup/lib/python3.10/site-packages/my_robot_bringup
[2.265s] copying /home/orangepi/ros2_ws/build/my_robot_bringup/build/lib/my_robot_bringup/__init__.py -> /home/orangepi/ros2_ws/install/my_robot_bringup/lib/python3.10/site-packages/my_robot_bringup
[2.265s] byte-compiling /home/orangepi/ros2_ws/install/my_robot_bringup/lib/python3.10/site-packages/my_robot_bringup/__init__.py to __init__.cpython-310.pyc
[2.265s] running install_data
[2.266s] creating /home/orangepi/ros2_ws/install/my_robot_bringup/share/ament_index
[2.266s] creating /home/orangepi/ros2_ws/install/my_robot_bringup/share/ament_index/resource_index
[2.267s] creating /home/orangepi/ros2_ws/install/my_robot_bringup/share/ament_index/resource_index/packages
[2.267s] copying resource/my_robot_bringup -> /home/orangepi/ros2_ws/install/my_robot_bringup/share/ament_index/resource_index/packages
[2.267s] copying package.xml -> /home/orangepi/ros2_ws/install/my_robot_bringup/share/my_robot_bringup
[2.268s] creating /home/orangepi/ros2_ws/install/my_robot_bringup/share/my_robot_bringup/launch
[2.268s] copying launch/slam_s2_only.launch.py -> /home/orangepi/ros2_ws/install/my_robot_bringup/share/my_robot_bringup/launch
[2.269s] creating /home/orangepi/ros2_ws/install/my_robot_bringup/share/my_robot_bringup/config
[2.269s] copying config/mapper_params_online.yaml -> /home/orangepi/ros2_ws/install/my_robot_bringup/share/my_robot_bringup/config
[2.269s] running install_egg_info
[2.274s] Copying ../../build/my_robot_bringup/my_robot_bringup.egg-info to /home/orangepi/ros2_ws/install/my_robot_bringup/lib/python3.10/site-packages/my_robot_bringup-0.0.0-py3.10.egg-info
[2.275s] running install_scripts
[2.313s] writing list of installed files to '/home/orangepi/ros2_ws/build/my_robot_bringup/install.log'
[2.455s] Invoked command in '/home/orangepi/ros2_ws/src/my_robot_bringup' returned '0': PYTHONPATH=/home/orangepi/ros2_ws/build/my_robot_bringup/prefix_override:/usr/lib/python3/dist-packages/colcon_core/task/python/colcon_distutils_commands:/home/orangepi/ros2_ws/install/my_robot_bringup/lib/python3.10/site-packages:${PYTHONPATH} /usr/bin/python3 -W ignore:setup.py install is deprecated -W ignore:easy_install command is deprecated setup.py egg_info --egg-base ../../build/my_robot_bringup build --build-base /home/orangepi/ros2_ws/build/my_robot_bringup/build install --record /home/orangepi/ros2_ws/build/my_robot_bringup/install.log --single-version-externally-managed install_data
