[1.827s] Invoking command in '/home/orangepi/ros2_ws/src/robot_controller': PYTHONPATH=/home/orangepi/ros2_ws/build/robot_controller/prefix_override:/usr/lib/python3/dist-packages/colcon_core/task/python/colcon_distutils_commands:/home/orangepi/ros2_ws/install/robot_controller/lib/python3.10/site-packages:${PYTHONPATH} /usr/bin/python3 -W ignore:setup.py install is deprecated -W ignore:easy_install command is deprecated setup.py egg_info --egg-base ../../build/robot_controller build --build-base /home/orangepi/ros2_ws/build/robot_controller/build install --record /home/orangepi/ros2_ws/build/robot_controller/install.log --single-version-externally-managed install_data
[2.199s] running egg_info
[2.201s] writing ../../build/robot_controller/robot_controller.egg-info/PKG-INFO
[2.201s] writing dependency_links to ../../build/robot_controller/robot_controller.egg-info/dependency_links.txt
[2.205s] writing entry points to ../../build/robot_controller/robot_controller.egg-info/entry_points.txt
[2.206s] writing requirements to ../../build/robot_controller/robot_controller.egg-info/requires.txt
[2.206s] writing top-level names to ../../build/robot_controller/robot_controller.egg-info/top_level.txt
[2.216s] reading manifest file '../../build/robot_controller/robot_controller.egg-info/SOURCES.txt'
[2.217s] writing manifest file '../../build/robot_controller/robot_controller.egg-info/SOURCES.txt'
[2.218s] running build
[2.219s] running build_py
[2.219s] running install
[2.220s] running install_lib
[2.222s] running install_data
[2.223s] running install_egg_info
[2.232s] removing '/home/orangepi/ros2_ws/install/robot_controller/lib/python3.10/site-packages/robot_controller-0.0.0-py3.10.egg-info' (and everything under it)
[2.232s] Copying ../../build/robot_controller/robot_controller.egg-info to /home/orangepi/ros2_ws/install/robot_controller/lib/python3.10/site-packages/robot_controller-0.0.0-py3.10.egg-info
[2.233s] running install_scripts
[2.274s] Installing keyboard_controller script to /home/orangepi/ros2_ws/install/robot_controller/lib/robot_controller
[2.282s] Installing robot_controller_stm32 script to /home/orangepi/ros2_ws/install/robot_controller/lib/robot_controller
[2.282s] Installing stm32_interface script to /home/orangepi/ros2_ws/install/robot_controller/lib/robot_controller
[2.282s] writing list of installed files to '/home/orangepi/ros2_ws/build/robot_controller/install.log'
[2.724s] Invoked command in '/home/orangepi/ros2_ws/src/robot_controller' returned '0': PYTHONPATH=/home/orangepi/ros2_ws/build/robot_controller/prefix_override:/usr/lib/python3/dist-packages/colcon_core/task/python/colcon_distutils_commands:/home/orangepi/ros2_ws/install/robot_controller/lib/python3.10/site-packages:${PYTHONPATH} /usr/bin/python3 -W ignore:setup.py install is deprecated -W ignore:easy_install command is deprecated setup.py egg_info --egg-base ../../build/robot_controller build --build-base /home/orangepi/ros2_ws/build/robot_controller/build install --record /home/orangepi/ros2_ws/build/robot_controller/install.log --single-version-externally-managed install_data
