[2.054s] Invoking command in '/home/orangepi/ros2_ws/src/robot_controller': PYTHONPATH=/home/orangepi/ros2_ws/build/robot_controller/prefix_override:/usr/lib/python3/dist-packages/colcon_core/task/python/colcon_distutils_commands:/home/orangepi/ros2_ws/install/robot_controller/lib/python3.10/site-packages:${PYTHONPATH} /usr/bin/python3 -W ignore:setup.py install is deprecated -W ignore:easy_install command is deprecated setup.py egg_info --egg-base ../../build/robot_controller build --build-base /home/orangepi/ros2_ws/build/robot_controller/build install --record /home/orangepi/ros2_ws/build/robot_controller/install.log --single-version-externally-managed install_data
[2.396s] running egg_info
[2.400s] writing ../../build/robot_controller/robot_controller.egg-info/PKG-INFO
[2.400s] writing dependency_links to ../../build/robot_controller/robot_controller.egg-info/dependency_links.txt
[2.401s] writing entry points to ../../build/robot_controller/robot_controller.egg-info/entry_points.txt
[2.402s] writing requirements to ../../build/robot_controller/robot_controller.egg-info/requires.txt
[2.402s] writing top-level names to ../../build/robot_controller/robot_controller.egg-info/top_level.txt
[2.409s] reading manifest file '../../build/robot_controller/robot_controller.egg-info/SOURCES.txt'
[2.410s] writing manifest file '../../build/robot_controller/robot_controller.egg-info/SOURCES.txt'
[2.410s] running build
[2.411s] running build_py
[2.412s] running install
[2.413s] running install_lib
[2.415s] running install_data
[2.415s] running install_egg_info
[2.420s] removing '/home/orangepi/ros2_ws/install/robot_controller/lib/python3.10/site-packages/robot_controller-0.0.0-py3.10.egg-info' (and everything under it)
[2.421s] Copying ../../build/robot_controller/robot_controller.egg-info to /home/orangepi/ros2_ws/install/robot_controller/lib/python3.10/site-packages/robot_controller-0.0.0-py3.10.egg-info
[2.422s] running install_scripts
[2.480s] Installing keyboard_controller script to /home/orangepi/ros2_ws/install/robot_controller/lib/robot_controller
[2.481s] Installing robot_controller_stm32 script to /home/orangepi/ros2_ws/install/robot_controller/lib/robot_controller
[2.481s] Installing stm32_interface script to /home/orangepi/ros2_ws/install/robot_controller/lib/robot_controller
[2.485s] writing list of installed files to '/home/orangepi/ros2_ws/build/robot_controller/install.log'
[2.615s] Invoked command in '/home/orangepi/ros2_ws/src/robot_controller' returned '0': PYTHONPATH=/home/orangepi/ros2_ws/build/robot_controller/prefix_override:/usr/lib/python3/dist-packages/colcon_core/task/python/colcon_distutils_commands:/home/orangepi/ros2_ws/install/robot_controller/lib/python3.10/site-packages:${PYTHONPATH} /usr/bin/python3 -W ignore:setup.py install is deprecated -W ignore:easy_install command is deprecated setup.py egg_info --egg-base ../../build/robot_controller build --build-base /home/orangepi/ros2_ws/build/robot_controller/build install --record /home/orangepi/ros2_ws/build/robot_controller/install.log --single-version-externally-managed install_data
