[1.538s] Invoking command in '/home/orangepi/ros2_ws/src/stm32_keyboard_control': PYTHONPATH=/home/orangepi/ros2_ws/build/stm32_keyboard_control/prefix_override:/usr/lib/python3/dist-packages/colcon_core/task/python/colcon_distutils_commands:/home/orangepi/ros2_ws/install/stm32_keyboard_control/lib/python3.10/site-packages:${PYTHONPATH} /usr/bin/python3 -W ignore:setup.py install is deprecated -W ignore:easy_install command is deprecated setup.py egg_info --egg-base ../../build/stm32_keyboard_control build --build-base /home/orangepi/ros2_ws/build/stm32_keyboard_control/build install --record /home/orangepi/ros2_ws/build/stm32_keyboard_control/install.log --single-version-externally-managed install_data
[1.930s] running egg_info
[1.933s] writing ../../build/stm32_keyboard_control/stm32_keyboard_control.egg-info/PKG-INFO
[1.934s] writing dependency_links to ../../build/stm32_keyboard_control/stm32_keyboard_control.egg-info/dependency_links.txt
[1.934s] writing entry points to ../../build/stm32_keyboard_control/stm32_keyboard_control.egg-info/entry_points.txt
[1.935s] writing requirements to ../../build/stm32_keyboard_control/stm32_keyboard_control.egg-info/requires.txt
[1.941s] writing top-level names to ../../build/stm32_keyboard_control/stm32_keyboard_control.egg-info/top_level.txt
[1.947s] reading manifest file '../../build/stm32_keyboard_control/stm32_keyboard_control.egg-info/SOURCES.txt'
[1.949s] writing manifest file '../../build/stm32_keyboard_control/stm32_keyboard_control.egg-info/SOURCES.txt'
[1.950s] running build
[1.951s] running build_py
[1.951s] running install
[1.952s] running install_lib
[1.957s] running install_data
[1.958s] running install_egg_info
[1.966s] removing '/home/orangepi/ros2_ws/install/stm32_keyboard_control/lib/python3.10/site-packages/stm32_keyboard_control-0.0.0-py3.10.egg-info' (and everything under it)
[1.967s] Copying ../../build/stm32_keyboard_control/stm32_keyboard_control.egg-info to /home/orangepi/ros2_ws/install/stm32_keyboard_control/lib/python3.10/site-packages/stm32_keyboard_control-0.0.0-py3.10.egg-info
[1.967s] running install_scripts
[2.002s] Installing keyboard_control_node script to /home/orangepi/ros2_ws/install/stm32_keyboard_control/lib/stm32_keyboard_control
[2.003s] writing list of installed files to '/home/orangepi/ros2_ws/build/stm32_keyboard_control/install.log'
[2.082s] Invoked command in '/home/orangepi/ros2_ws/src/stm32_keyboard_control' returned '0': PYTHONPATH=/home/orangepi/ros2_ws/build/stm32_keyboard_control/prefix_override:/usr/lib/python3/dist-packages/colcon_core/task/python/colcon_distutils_commands:/home/orangepi/ros2_ws/install/stm32_keyboard_control/lib/python3.10/site-packages:${PYTHONPATH} /usr/bin/python3 -W ignore:setup.py install is deprecated -W ignore:easy_install command is deprecated setup.py egg_info --egg-base ../../build/stm32_keyboard_control build --build-base /home/orangepi/ros2_ws/build/stm32_keyboard_control/build install --record /home/orangepi/ros2_ws/build/stm32_keyboard_control/install.log --single-version-externally-managed install_data
