[1.987s] Invoking command in '/home/orangepi/ros2_ws/src/robot_controller': PYTHONPATH=/home/orangepi/ros2_ws/build/robot_controller/prefix_override:/usr/lib/python3/dist-packages/colcon_core/task/python/colcon_distutils_commands:/home/orangepi/ros2_ws/install/robot_controller/lib/python3.10/site-packages:${PYTHONPATH} /usr/bin/python3 -W ignore:setup.py install is deprecated -W ignore:easy_install command is deprecated setup.py egg_info --egg-base ../../build/robot_controller build --build-base /home/orangepi/ros2_ws/build/robot_controller/build install --record /home/orangepi/ros2_ws/build/robot_controller/install.log --single-version-externally-managed install_data
[2.311s] running egg_info
[2.313s] writing ../../build/robot_controller/robot_controller.egg-info/PKG-INFO
[2.315s] writing dependency_links to ../../build/robot_controller/robot_controller.egg-info/dependency_links.txt
[2.316s] writing entry points to ../../build/robot_controller/robot_controller.egg-info/entry_points.txt
[2.316s] writing requirements to ../../build/robot_controller/robot_controller.egg-info/requires.txt
[2.317s] writing top-level names to ../../build/robot_controller/robot_controller.egg-info/top_level.txt
[2.323s] reading manifest file '../../build/robot_controller/robot_controller.egg-info/SOURCES.txt'
[2.325s] writing manifest file '../../build/robot_controller/robot_controller.egg-info/SOURCES.txt'
[2.325s] running build
[2.326s] running build_py
[2.326s] running install
[2.327s] running install_lib
[2.333s] running install_data
[2.333s] running install_egg_info
[2.336s] removing '/home/orangepi/ros2_ws/install/robot_controller/lib/python3.10/site-packages/robot_controller-0.0.0-py3.10.egg-info' (and everything under it)
[2.339s] Copying ../../build/robot_controller/robot_controller.egg-info to /home/orangepi/ros2_ws/install/robot_controller/lib/python3.10/site-packages/robot_controller-0.0.0-py3.10.egg-info
[2.340s] running install_scripts
[2.377s] Installing keyboard_controller script to /home/orangepi/ros2_ws/install/robot_controller/lib/robot_controller
[2.378s] Installing robot_controller_stm32 script to /home/orangepi/ros2_ws/install/robot_controller/lib/robot_controller
[2.383s] Installing stm32_interface script to /home/orangepi/ros2_ws/install/robot_controller/lib/robot_controller
[2.384s] writing list of installed files to '/home/orangepi/ros2_ws/build/robot_controller/install.log'
