[1.757s] Invoking command in '/home/orangepi/ros2_ws/src/robot_controller': PYTHONPATH=/home/orangepi/ros2_ws/build/robot_controller/prefix_override:/usr/lib/python3/dist-packages/colcon_core/task/python/colcon_distutils_commands:/home/orangepi/ros2_ws/install/robot_controller/lib/python3.10/site-packages:${PYTHONPATH} /usr/bin/python3 -W ignore:setup.py install is deprecated -W ignore:easy_install command is deprecated setup.py egg_info --egg-base ../../build/robot_controller build --build-base /home/orangepi/ros2_ws/build/robot_controller/build install --record /home/orangepi/ros2_ws/build/robot_controller/install.log --single-version-externally-managed install_data
[2.118s] running egg_info
[2.125s] writing ../../build/robot_controller/robot_controller.egg-info/PKG-INFO
[2.126s] writing dependency_links to ../../build/robot_controller/robot_controller.egg-info/dependency_links.txt
[2.128s] writing entry points to ../../build/robot_controller/robot_controller.egg-info/entry_points.txt
[2.129s] writing requirements to ../../build/robot_controller/robot_controller.egg-info/requires.txt
[2.129s] writing top-level names to ../../build/robot_controller/robot_controller.egg-info/top_level.txt
[2.129s] reading manifest file '../../build/robot_controller/robot_controller.egg-info/SOURCES.txt'
[2.134s] writing manifest file '../../build/robot_controller/robot_controller.egg-info/SOURCES.txt'
[2.135s] running build
[2.135s] running build_py
[2.137s] running install
[2.140s] running install_lib
[2.145s] running install_data
[2.146s] running install_egg_info
[2.147s] removing '/home/orangepi/ros2_ws/install/robot_controller/lib/python3.10/site-packages/robot_controller-0.0.0-py3.10.egg-info' (and everything under it)
[2.148s] Copying ../../build/robot_controller/robot_controller.egg-info to /home/orangepi/ros2_ws/install/robot_controller/lib/python3.10/site-packages/robot_controller-0.0.0-py3.10.egg-info
[2.150s] running install_scripts
[2.202s] Installing keyboard_controller script to /home/orangepi/ros2_ws/install/robot_controller/lib/robot_controller
[2.203s] Installing robot_controller_stm32 script to /home/orangepi/ros2_ws/install/robot_controller/lib/robot_controller
[2.210s] Installing stm32_interface script to /home/orangepi/ros2_ws/install/robot_controller/lib/robot_controller
[2.213s] writing list of installed files to '/home/orangepi/ros2_ws/build/robot_controller/install.log'
[2.305s] Invoked command in '/home/orangepi/ros2_ws/src/robot_controller' returned '0': PYTHONPATH=/home/orangepi/ros2_ws/build/robot_controller/prefix_override:/usr/lib/python3/dist-packages/colcon_core/task/python/colcon_distutils_commands:/home/orangepi/ros2_ws/install/robot_controller/lib/python3.10/site-packages:${PYTHONPATH} /usr/bin/python3 -W ignore:setup.py install is deprecated -W ignore:easy_install command is deprecated setup.py egg_info --egg-base ../../build/robot_controller build --build-base /home/orangepi/ros2_ws/build/robot_controller/build install --record /home/orangepi/ros2_ws/build/robot_controller/install.log --single-version-externally-managed install_data
